f8b67556-93e4-446c-bf49-cc0cf78c7075	24-11-2022	05:48:03	GET	/api/article/	cat is not defined	ReferenceError: cat is not defined
    at module.exports.getArticles (D:\ntav-workspace\job\travelling-website\backend\src\controllers\client\article.js:26:9)
    at Layer.handle [as handle_request] (D:\ntav-workspace\job\travelling-website\backend\node_modules\express\lib\router\layer.js:95:5)
    at next (D:\ntav-workspace\job\travelling-website\backend\node_modules\express\lib\router\route.js:144:13)
    at Route.dispatch (D:\ntav-workspace\job\travelling-website\backend\node_modules\express\lib\router\route.js:114:3)
    at Layer.handle [as handle_request] (D:\ntav-workspace\job\travelling-website\backend\node_modules\express\lib\router\layer.js:95:5)
    at D:\ntav-workspace\job\travelling-website\backend\node_modules\express\lib\router\index.js:284:15
    at Function.process_params (D:\ntav-workspace\job\travelling-website\backend\node_modules\express\lib\router\index.js:346:12)
    at next (D:\ntav-workspace\job\travelling-website\backend\node_modules\express\lib\router\index.js:280:10)
    at Function.handle (D:\ntav-workspace\job\travelling-website\backend\node_modules\express\lib\router\index.js:175:3)
    at router (D:\ntav-workspace\job\travelling-website\backend\node_modules\express\lib\router\index.js:47:12)
683f2bff-ceae-44b8-9359-a19890194dd0	24-11-2022	05:48:29	GET	/api/article/	sort is not defined	ReferenceError: sort is not defined
    at module.exports.getArticles (D:\ntav-workspace\job\travelling-website\backend\src\controllers\client\article.js:27:9)
    at Layer.handle [as handle_request] (D:\ntav-workspace\job\travelling-website\backend\node_modules\express\lib\router\layer.js:95:5)
    at next (D:\ntav-workspace\job\travelling-website\backend\node_modules\express\lib\router\route.js:144:13)
    at Route.dispatch (D:\ntav-workspace\job\travelling-website\backend\node_modules\express\lib\router\route.js:114:3)
    at Layer.handle [as handle_request] (D:\ntav-workspace\job\travelling-website\backend\node_modules\express\lib\router\layer.js:95:5)
    at D:\ntav-workspace\job\travelling-website\backend\node_modules\express\lib\router\index.js:284:15
    at Function.process_params (D:\ntav-workspace\job\travelling-website\backend\node_modules\express\lib\router\index.js:346:12)
    at next (D:\ntav-workspace\job\travelling-website\backend\node_modules\express\lib\router\index.js:280:10)
    at Function.handle (D:\ntav-workspace\job\travelling-website\backend\node_modules\express\lib\router\index.js:175:3)
    at router (D:\ntav-workspace\job\travelling-website\backend\node_modules\express\lib\router\index.js:47:12)
a90c853b-c528-4764-bc44-ed22cea8054a	24-11-2022	05:48:44	GET	/api/article/	search is not defined	ReferenceError: search is not defined
    at module.exports.getArticles (D:\ntav-workspace\job\travelling-website\backend\src\controllers\client\article.js:28:9)
    at Layer.handle [as handle_request] (D:\ntav-workspace\job\travelling-website\backend\node_modules\express\lib\router\layer.js:95:5)
    at next (D:\ntav-workspace\job\travelling-website\backend\node_modules\express\lib\router\route.js:144:13)
    at Route.dispatch (D:\ntav-workspace\job\travelling-website\backend\node_modules\express\lib\router\route.js:114:3)
    at Layer.handle [as handle_request] (D:\ntav-workspace\job\travelling-website\backend\node_modules\express\lib\router\layer.js:95:5)
    at D:\ntav-workspace\job\travelling-website\backend\node_modules\express\lib\router\index.js:284:15
    at Function.process_params (D:\ntav-workspace\job\travelling-website\backend\node_modules\express\lib\router\index.js:346:12)
    at next (D:\ntav-workspace\job\travelling-website\backend\node_modules\express\lib\router\index.js:280:10)
    at Function.handle (D:\ntav-workspace\job\travelling-website\backend\node_modules\express\lib\router\index.js:175:3)
    at router (D:\ntav-workspace\job\travelling-website\backend\node_modules\express\lib\router\index.js:47:12)
92e8e7e8-1b3c-4b55-8605-6cec838c496e	24-11-2022	05:48:59	GET	/api/article/	this.getSingleTour is not a function	TypeError: this.getSingleTour is not a function
    at D:\ntav-workspace\job\travelling-website\backend\src\services\client\article.js:153:26
    at Array.map (<anonymous>)
    at Object.module.exports.getArticles (D:\ntav-workspace\job\travelling-website\backend\src\services\client\article.js:152:28)
    at module.exports.getArticles (D:\ntav-workspace\job\travelling-website\backend\src\controllers\client\article.js:56:36)
    at processTicksAndRejections (node:internal/process/task_queues:96:5)
dc189967-251b-4844-83bc-7cdf0d68eb1b	24-11-2022	08:14:35	POST	/api/admin/layout/image?lang=vi	Cannot read properties of null (reading 'home')	TypeError: Cannot read properties of null (reading 'home')
    at module.exports.updateLayoutPictures (D:\ntav-workspace\job\travelling-website\backend\src\controllers\admin\layout.js:15:38)
    at processTicksAndRejections (node:internal/process/task_queues:96:5)
fe098cac-7cff-48bd-b3c2-c6495cf64605	24-11-2022	08:15:57	POST	/api/admin/layout/image?lang=vi	newArticle is not defined	ReferenceError: newArticle is not defined
    at module.exports.updateLayoutPictures (D:\ntav-workspace\job\travelling-website\backend\src\controllers\admin\layout.js:65:13)
    at processTicksAndRejections (node:internal/process/task_queues:96:5)
c5a6a796-7045-4470-85bf-d509d34dc1b5	24-11-2022	09:36:44	GET	/api/tour/search?text=t&lang=vi	
5fda9175-9c93-4be8-bf97-83c5f4bb14b6	24-11-2022	09:41:33	GET	/api/tour/search?text=t&lang=vi	
5f0c4003-d130-4c67-a4b1-bef15ec0d1a1	24-11-2022	09:42:57	GET	/api/tour/search?text=tt&lang=vi	
9fdcb286-c28d-4bed-bcc2-5e54e31faa9f	24-11-2022	09:42:59	GET	/api/tour/search?text=h&lang=vi	
722e896a-b433-44d5-b796-0693598e6d6b	24-11-2022	09:43:00	GET	/api/tour/search?text=hh&lang=vi	
566731fb-82b0-4141-86f6-87a21004ff85	25-11-2022	01:13:38	GET	/api/layout/?lang=vi	
dbcb3315-0b59-4415-9a9a-863b03e440cf	25-11-2022	01:16:35	GET	/api/layout/?lang=vi	
db35d903-7cb7-43a8-9db8-5dd0cdf3cfbe	25-11-2022	01:20:22	GET	/api/layout/?lang=vi	
11ee196d-5fa7-49f7-a683-1edf3a968b90	25-11-2022	02:25:38	PUT	/api/admin/tour/itinerary?lang=vi	Cannot read properties of undefined (reading 'images')	TypeError: Cannot read properties of undefined (reading 'images')
    at D:\ntav-workspace\job\travelling-website\backend\src\controllers\admin\tour.js:226:43
    at Array.map (<anonymous>)
    at module.exports.updateItinerary (D:\ntav-workspace\job\travelling-website\backend\src\controllers\admin\tour.js:219:12)
    at runMicrotasks (<anonymous>)
    at processTicksAndRejections (node:internal/process/task_queues:96:5)
d4e96c04-c17d-4b09-9943-ce4578fc32da	25-11-2022	04:36:16	PUT	/api/admin/tour/itinerary?lang=vi	Cannot read properties of undefined (reading 'plan0')	TypeError: Cannot read properties of undefined (reading 'plan0')
    at module.exports.updateItinerary (D:\ntav-workspace\job\travelling-website\backend\src\controllers\admin\tour.js:220:36)
    at processTicksAndRejections (node:internal/process/task_queues:96:5)
f14b8aa9-925f-4aa7-a42c-25ee6052d9f9	25-11-2022	04:54:24	PUT	/api/admin/tour/itinerary?lang=vi	Unexpected token o in JSON at position 1	SyntaxError: Unexpected token o in JSON at position 1
    at JSON.parse (<anonymous>)
    at module.exports.updateItinerary (D:\ntav-workspace\job\travelling-website\backend\src\controllers\admin\tour.js:245:46)
    at processTicksAndRejections (node:internal/process/task_queues:96:5)
69881c95-1c57-4e60-9424-a83c5ab4c564	25-11-2022	04:58:34	PUT	/api/admin/tour/itinerary?lang=vi	images is not iterable	TypeError: images is not iterable
    at deleteFilesFromFirebase (D:\ntav-workspace\job\travelling-website\backend\src\helpers\deleteFilesFromFirebase.js:11:23)
    at D:\ntav-workspace\job\travelling-website\backend\src\controllers\admin\tour.js:232:15
    at Array.map (<anonymous>)
    at module.exports.updateItinerary (D:\ntav-workspace\job\travelling-website\backend\src\controllers\admin\tour.js:229:31)
    at processTicksAndRejections (node:internal/process/task_queues:96:5)
f5b5d928-2e20-4cb9-bd87-91e32933bddc	25-11-2022	04:59:13	PUT	/api/admin/tour/itinerary?lang=vi	images is not iterable	TypeError: images is not iterable
    at deleteFilesFromFirebase (D:\ntav-workspace\job\travelling-website\backend\src\helpers\deleteFilesFromFirebase.js:11:23)
    at D:\ntav-workspace\job\travelling-website\backend\src\controllers\admin\tour.js:233:15
    at Array.map (<anonymous>)
    at module.exports.updateItinerary (D:\ntav-workspace\job\travelling-website\backend\src\controllers\admin\tour.js:229:31)
    at processTicksAndRejections (node:internal/process/task_queues:96:5)
c4d0f8b2-022f-40ed-99b3-60ff9f07dd44	25-11-2022	05:00:07	PUT	/api/admin/tour/itinerary?lang=vi	images is not iterable	TypeError: images is not iterable
    at deleteFilesFromFirebase (D:\ntav-workspace\job\travelling-website\backend\src\helpers\deleteFilesFromFirebase.js:11:23)
    at D:\ntav-workspace\job\travelling-website\backend\src\controllers\admin\tour.js:233:15
    at Array.map (<anonymous>)
    at module.exports.updateItinerary (D:\ntav-workspace\job\travelling-website\backend\src\controllers\admin\tour.js:229:31)
    at processTicksAndRejections (node:internal/process/task_queues:96:5)
da2cda4c-1a9e-4405-8caa-8707eb2db62a	25-11-2022	05:01:08	PUT	/api/admin/tour/itinerary?lang=vi	images is not iterable	TypeError: images is not iterable
    at deleteFilesFromFirebase (D:\ntav-workspace\job\travelling-website\backend\src\helpers\deleteFilesFromFirebase.js:11:23)
    at D:\ntav-workspace\job\travelling-website\backend\src\controllers\admin\tour.js:233:15
    at Array.map (<anonymous>)
    at module.exports.updateItinerary (D:\ntav-workspace\job\travelling-website\backend\src\controllers\admin\tour.js:229:31)
    at processTicksAndRejections (node:internal/process/task_queues:96:5)
d7cf599d-fb8c-4f7d-ae1c-9cbc43fbf90f	25-11-2022	09:26:17	GET	/api/article?page=0&page_size=6&lang=vi	invalid argument to $skip stage: Expected a positive number in: $skip: -6	MongoServerError: invalid argument to $skip stage: Expected a positive number in: $skip: -6
    at Connection.onMessage (D:\ntav-workspace\job\travelling-website\backend\node_modules\mongodb\lib\cmap\connection.js:207:30)
    at MessageStream.<anonymous> (D:\ntav-workspace\job\travelling-website\backend\node_modules\mongodb\lib\cmap\connection.js:60:60)
    at MessageStream.emit (node:events:513:28)
    at processIncomingData (D:\ntav-workspace\job\travelling-website\backend\node_modules\mongodb\lib\cmap\message_stream.js:132:20)
    at MessageStream._write (D:\ntav-workspace\job\travelling-website\backend\node_modules\mongodb\lib\cmap\message_stream.js:33:9)
    at writeOrBuffer (node:internal/streams/writable:391:12)
    at _write (node:internal/streams/writable:332:10)
    at MessageStream.Writable.write (node:internal/streams/writable:336:10)
    at TLSSocket.ondata (node:internal/streams/readable:754:22)
    at TLSSocket.emit (node:events:513:28)
f999dbbe-a24a-48bd-b35a-e91bac73008c	25-11-2022	09:42:44	GET	/favicon.ico	Route Not Found
f1b6c315-9eec-4757-a231-b6e076ebda0a	25-11-2022	10:12:14	GET	/api/article?page=1&page_size=6&lang=vi	invalid argument to $limit stage: Expected a number in: $limit: "6"	MongoServerError: invalid argument to $limit stage: Expected a number in: $limit: "6"
    at Connection.onMessage (D:\ntav-workspace\job\travelling-website\backend\node_modules\mongodb\lib\cmap\connection.js:207:30)
    at MessageStream.<anonymous> (D:\ntav-workspace\job\travelling-website\backend\node_modules\mongodb\lib\cmap\connection.js:60:60)
    at MessageStream.emit (node:events:513:28)
    at processIncomingData (D:\ntav-workspace\job\travelling-website\backend\node_modules\mongodb\lib\cmap\message_stream.js:132:20)
    at MessageStream._write (D:\ntav-workspace\job\travelling-website\backend\node_modules\mongodb\lib\cmap\message_stream.js:33:9)
    at writeOrBuffer (node:internal/streams/writable:391:12)
    at _write (node:internal/streams/writable:332:10)
    at MessageStream.Writable.write (node:internal/streams/writable:336:10)
    at TLSSocket.ondata (node:internal/streams/readable:754:22)
    at TLSSocket.emit (node:events:513:28)
d410e32e-ee13-4eef-a0fe-980bdc5cd5e3	26-11-2022	12:01:48	GET	/api/tour/	$sort stage must have at least one sort key	MongoServerError: $sort stage must have at least one sort key
    at Connection.onMessage (D:\ntav-workspace\job\travelling-website\backend\node_modules\mongodb\lib\cmap\connection.js:207:30)
    at MessageStream.<anonymous> (D:\ntav-workspace\job\travelling-website\backend\node_modules\mongodb\lib\cmap\connection.js:60:60)
    at MessageStream.emit (node:events:513:28)
    at processIncomingData (D:\ntav-workspace\job\travelling-website\backend\node_modules\mongodb\lib\cmap\message_stream.js:132:20)
    at MessageStream._write (D:\ntav-workspace\job\travelling-website\backend\node_modules\mongodb\lib\cmap\message_stream.js:33:9)
    at writeOrBuffer (node:internal/streams/writable:391:12)
    at _write (node:internal/streams/writable:332:10)
    at MessageStream.Writable.write (node:internal/streams/writable:336:10)
    at TLSSocket.ondata (node:internal/streams/readable:754:22)
    at TLSSocket.emit (node:events:513:28)
902014f2-f932-4928-88fa-60e26ed4564d	26-11-2022	12:07:12	GET	/api/tour/?hehe=chicken&hehe=bird&page=1&page_size=6&lang=vi	getaddrinfo ENOTFOUND ac-du6xjtu-shard-00-01.qfie8nj.mongodb.net	MongoServerSelectionError: getaddrinfo ENOTFOUND ac-du6xjtu-shard-00-01.qfie8nj.mongodb.net
    at Timeout._onTimeout (D:\ntav-workspace\job\travelling-website\backend\node_modules\mongodb\lib\sdam\topology.js:293:38)
    at listOnTimeout (node:internal/timers:559:17)
    at processTimers (node:internal/timers:502:7)
5593b079-3d77-47bb-9ca2-05ffd7471bdd	26-11-2022	12:46:20	POST	/api/admin/tour?lang=vi	
f7cc9300-b0a4-4f72-81cb-e4359d78d7d0	26-11-2022	12:46:29	POST	/api/admin/tour?lang=vi	
62b9c030-8253-4471-b7db-ec86c95204f6	26-11-2022	12:46:32	POST	/api/admin/tour?lang=vi	
451cb570-6ad0-41f4-8486-78e9489449fd	26-11-2022	12:46:37	POST	/api/admin/tour?lang=vi	
170a71e0-754c-44a1-99cc-7e50cd8f4ccb	26-11-2022	12:47:38	POST	/api/admin/tour?lang=vi	
072fe8a2-f57e-44dc-936d-6e67069f36e7	26-11-2022	12:47:42	POST	/api/admin/tour?lang=vi	
2084ed5b-5cf5-46ff-b382-a4d6987d5ba3	26-11-2022	12:47:45	POST	/api/admin/tour?lang=vi	
003527eb-a45e-4a35-9d22-09c9d3d4dc0b	26-11-2022	01:59:56	POST	/api/admin/layout/image?lang=vi	uuid is not defined	ReferenceError: uuid is not defined
    at createPath (D:\ntav-workspace\job\travelling-website\backend\src\helpers\firebase.js:31:38)
    at D:\ntav-workspace\job\travelling-website\backend\src\helpers\firebase.js:54:9
    at Array.map (<anonymous>)
    at uploadFiles (D:\ntav-workspace\job\travelling-website\backend\src\helpers\firebase.js:50:18)
    at module.exports.updateLayoutPictures (D:\ntav-workspace\job\travelling-website\backend\src\controllers\admin\layout.js:10:29)
    at Layer.handle [as handle_request] (D:\ntav-workspace\job\travelling-website\backend\node_modules\express\lib\router\layer.js:95:5)
    at next (D:\ntav-workspace\job\travelling-website\backend\node_modules\express\lib\router\route.js:144:13)
    at done (D:\ntav-workspace\job\travelling-website\backend\node_modules\multer\lib\make-middleware.js:45:7)
    at indicateDone (D:\ntav-workspace\job\travelling-website\backend\node_modules\multer\lib\make-middleware.js:49:68)
    at Multipart.<anonymous> (D:\ntav-workspace\job\travelling-website\backend\node_modules\multer\lib\make-middleware.js:166:7)
d4846bb8-a704-4a5c-aea0-ef5d72a5f6de	26-11-2022	02:00:29	POST	/api/admin/layout/image?lang=vi	getExt is not defined	ReferenceError: getExt is not defined
    at D:\ntav-workspace\job\travelling-website\backend\src\helpers\firebase.js:55:30
    at Array.map (<anonymous>)
    at uploadFiles (D:\ntav-workspace\job\travelling-website\backend\src\helpers\firebase.js:51:18)
    at module.exports.updateLayoutPictures (D:\ntav-workspace\job\travelling-website\backend\src\controllers\admin\layout.js:10:29)
    at Layer.handle [as handle_request] (D:\ntav-workspace\job\travelling-website\backend\node_modules\express\lib\router\layer.js:95:5)
    at next (D:\ntav-workspace\job\travelling-website\backend\node_modules\express\lib\router\route.js:144:13)
    at done (D:\ntav-workspace\job\travelling-website\backend\node_modules\multer\lib\make-middleware.js:45:7)
    at indicateDone (D:\ntav-workspace\job\travelling-website\backend\node_modules\multer\lib\make-middleware.js:49:68)
    at Multipart.<anonymous> (D:\ntav-workspace\job\travelling-website\backend\node_modules\multer\lib\make-middleware.js:166:7)
    at Multipart.emit (node:events:513:28)
12ce2be7-3832-44bf-bd0e-59ff173f227c	26-11-2022	02:01:03	POST	/api/admin/layout/image?lang=vi	uploadBytes is not defined	ReferenceError: uploadBytes is not defined
    at D:\ntav-workspace\job\travelling-website\backend\src\helpers\firebase.js:64:25
    at Array.map (<anonymous>)
    at uploadFiles (D:\ntav-workspace\job\travelling-website\backend\src\helpers\firebase.js:64:12)
    at module.exports.updateLayoutPictures (D:\ntav-workspace\job\travelling-website\backend\src\controllers\admin\layout.js:10:29)
    at Layer.handle [as handle_request] (D:\ntav-workspace\job\travelling-website\backend\node_modules\express\lib\router\layer.js:95:5)
    at next (D:\ntav-workspace\job\travelling-website\backend\node_modules\express\lib\router\route.js:144:13)
    at done (D:\ntav-workspace\job\travelling-website\backend\node_modules\multer\lib\make-middleware.js:45:7)
    at indicateDone (D:\ntav-workspace\job\travelling-website\backend\node_modules\multer\lib\make-middleware.js:49:68)
    at Multipart.<anonymous> (D:\ntav-workspace\job\travelling-website\backend\node_modules\multer\lib\make-middleware.js:166:7)
    at Multipart.emit (node:events:513:28)
d5ed9002-01a8-4ef5-8793-cc9cfc9c9a40	26-11-2022	02:01:25	POST	/api/admin/layout/image?lang=vi	getDownloadURL is not defined	ReferenceError: getDownloadURL is not defined
    at D:\ntav-workspace\job\travelling-website\backend\src\helpers\firebase.js:75:23
    at Array.map (<anonymous>)
    at uploadFiles (D:\ntav-workspace\job\travelling-website\backend\src\helpers\firebase.js:75:10)
    at processTicksAndRejections (node:internal/process/task_queues:96:5)
    at async module.exports.updateLayoutPictures (D:\ntav-workspace\job\travelling-website\backend\src\controllers\admin\layout.js:10:23)
7e8b4576-c4df-49c3-aacc-c0255f707943	26-11-2022	03:56:11	GET	/api/tour/?hehe=chicken&hehe=bird&page=2&page_size=6&lang=vi	Cannot read properties of undefined (reading 'tours')	TypeError: Cannot read properties of undefined (reading 'tours')
    at module.exports.getTours (D:\ntav-workspace\job\travelling-website\backend\src\controllers\client\tour.js:33:30)
    at processTicksAndRejections (node:internal/process/task_queues:96:5)
05e285eb-4851-4c1b-8ebc-501e6d56f54b	26-11-2022	03:57:11	GET	/api/tour/?hehe=chicken&hehe=bird&page=2&page_size=6&lang=vi	Cannot read properties of undefined (reading 'tours')	TypeError: Cannot read properties of undefined (reading 'tours')
    at module.exports.getTours (D:\ntav-workspace\job\travelling-website\backend\src\controllers\client\tour.js:33:30)
    at processTicksAndRejections (node:internal/process/task_queues:96:5)
cf6c6eaa-372c-4417-b452-dea6c6a1c2e3	26-11-2022	03:58:03	GET	/api/tour/?hehe=chicken&hehe=bird&page=2&page_size=6&lang=vi	Cannot read properties of undefined (reading 'tours')	TypeError: Cannot read properties of undefined (reading 'tours')
    at module.exports.getTours (D:\ntav-workspace\job\travelling-website\backend\src\controllers\client\tour.js:35:30)
    at processTicksAndRejections (node:internal/process/task_queues:96:5)
a6744174-f575-4386-a768-ef6c847c7983	26-11-2022	04:02:07	GET	/api/tour/?hehe=chicken&hehe=bird&page=2&page_size=6&lang=vi	Cannot read properties of undefined (reading 'count')	TypeError: Cannot read properties of undefined (reading 'count')
    at module.exports.getTours (D:\ntav-workspace\job\travelling-website\backend\src\controllers\client\tour.js:34:36)
    at processTicksAndRejections (node:internal/process/task_queues:96:5)
3bcb7a87-f521-45bf-b021-ec1fb4af021c	26-11-2022	04:12:36	GET	/favicon.ico	Route Not Found
e3a77fa3-9b7a-4951-8e34-176f26cc218b	03-12-2022	12:22:12	POST	/api/user/login?lang=vi	
b4d5381f-58af-41dd-8e64-4a487ea7177a	03-12-2022	12:22:48	POST	/api/user/login?lang=vi	
f7a3e0a8-0dae-427d-9963-55ab4e668b4d	05-12-2022	01:39:40	GET	/api/layout?lang=vi	Route Not Found
b7dac57b-92b6-4d87-bd83-7dcba160834b	05-12-2022	01:39:40	GET	/api/tour/?hehe=chicken&hehe=bird&page=1&page_size=6&lang=vi	Route Not Found
7f480cb4-398f-41ef-9550-2d23a20606d2	05-12-2022	01:40:53	GET	/api/layout?lang=vi	Route Not Found
3fa535f0-cc92-452c-9bb3-24e31eaad23b	05-12-2022	01:40:53	GET	/api/tour/?hehe=chicken&hehe=bird&page=1&page_size=6&lang=vi	Route Not Found
99a191a7-e2cb-4afc-a418-630018388cc5	05-12-2022	01:41:11	GET	/api/layout?lang=vi	Route Not Found
fb24934a-313f-4c5b-bd49-cf9739ba24a6	05-12-2022	01:41:11	GET	/api/tour/?hehe=chicken&hehe=bird&page=1&page_size=6&lang=vi	Route Not Found
e6329ae5-54bb-4205-96a8-200aae95a33c	05-12-2022	01:41:28	GET	/api/layout?lang=vi	Route Not Found
edd60f4d-e084-49f6-8291-aa087a74f230	05-12-2022	01:41:28	GET	/api/tour/?hehe=chicken&hehe=bird&page=1&page_size=6&lang=vi	Route Not Found
216454e0-e7db-4e4b-aeea-5e5e964b7a4e	05-12-2022	04:29:46	GET	/api/layout?lang=vi	Route Not Found
ae1452d8-c0cf-47d6-8854-cf4c42b60fa8	05-12-2022	04:29:46	GET	/api/tour/?hehe=chicken&hehe=bird&page=1&page_size=6&lang=vi	Route Not Found
09d05811-31d5-49ee-962e-9f8d031dda02	05-12-2022	04:30:01	GET	/api/tour/?hehe=chicken&hehe=bird&sort=time-asc&page=1&page_size=12&cat_not=vi&lang=vi	Route Not Found
f96feb2f-bd92-4709-a00c-bd046bb52f3f	06-12-2022	01:26:26	GET	/admin/tour/GS-01/?language=vi&lang=vi	
d2306fe5-9934-4b67-af99-35bbbc93fc61	11-12-2022	05:00:06	POST	/admin/tour?lang=vi	Firebase Storage: User does not have permission to access 'images/tour/ed676bc0-6611-4b68-a93c-8c7c9bd5ef68..jpg'. (storage/unauthorized)	FirebaseError: Firebase Storage: User does not have permission to access 'images/tour/ed676bc0-6611-4b68-a93c-8c7c9bd5ef68..jpg'. (storage/unauthorized)
2106c382-c643-46ea-88fa-7b33a0766a30	11-12-2022	05:10:08	POST	/admin/tour?lang=vi	Firebase Storage: User does not have permission to access 'images/tour/605dc67e-5b60-4452-b6f6-5747790b088b..jpg'. (storage/unauthorized)	FirebaseError: Firebase Storage: User does not have permission to access 'images/tour/605dc67e-5b60-4452-b6f6-5747790b088b..jpg'. (storage/unauthorized)
5b5fc5a4-13f5-489b-9d8c-b8a10647f682	13-12-2022	10:32:07	PUT	/admin/tour/rating?lang=vi	
ac208c7f-3283-421d-94ba-b7bb346acfde	14-12-2022	02:31:56	GET	/tour/63846a4d91fbc57a2f99d267?lang=vi	
85e21190-1460-40e3-99b1-6a225ee9f0eb	14-12-2022	02:33:16	GET	/tour/63846a4d91fbc57a2f99d267?lang=vi	
a93a9736-8a7d-479b-8c5b-cb9c11742555	14-12-2022	02:33:59	GET	/tour/63846a4d91fbc57a2f99d267?lang=vi	
0ebc0e87-dc73-4d00-a8d8-76d2c41aac93	14-12-2022	01:18:51	GET	/admin/term/registration?lang=vi	Route Not Found
92c5ebdb-2fca-4248-97dc-d2f8f7cc595a	14-12-2022	01:18:51	GET	/admin/term/notes?lang=vi	Route Not Found
80742bed-36b8-4dd7-b669-eeee0ceb03d9	14-12-2022	01:18:51	GET	/admin/term/payment?lang=vi	Route Not Found
f5f4171b-0f6d-4af7-8030-150386661439	14-12-2022	01:18:51	GET	/admin/term/privacy?lang=vi	Route Not Found
aa9be75c-b0b5-4626-b9a4-6ebde5bcd035	14-12-2022	01:19:03	GET	/admin/term/registration?lang=vi	Route Not Found
63211ab0-939c-4456-a551-4d4af9364235	14-12-2022	01:19:03	GET	/admin/term/notes?lang=vi	Route Not Found
e7b02027-5f6a-47eb-a4de-5324f8867af2	14-12-2022	01:19:03	GET	/admin/term/payment?lang=vi	Route Not Found
b663fcbf-2f6d-453e-ac9e-2009da419f22	14-12-2022	01:19:03	GET	/admin/term/privacy?lang=vi	Route Not Found
76d30023-2b37-434b-b222-ea8b6754a5ed	14-12-2022	01:45:59	PUT	/admin/term?lang=vi	Cannot read properties of undefined (reading 'push')	TypeError: Cannot read properties of undefined (reading 'push')
    at module.exports.updateTerm (D:\ntav-workspace\job\travelling-website\funix-travelling-backend\src\controllers\admin\term.js:69:29)
    at processTicksAndRejections (node:internal/process/task_queues:96:5)
e1b92fcf-5284-4bbe-855f-37308d982f10	14-12-2022	01:47:07	PUT	/admin/term?lang=vi	Cannot read properties of undefined (reading 'push')	TypeError: Cannot read properties of undefined (reading 'push')
    at module.exports.updateTerm (D:\ntav-workspace\job\travelling-website\funix-travelling-backend\src\controllers\admin\term.js:73:29)
    at processTicksAndRejections (node:internal/process/task_queues:96:5)
d915e356-80b0-4873-a338-a1d4214b8f81	16-12-2022	11:48:12	GET	/tour?page=1&page_size=6&lang=vi	banner is not defined	ReferenceError: banner is not defined
    at Object.module.exports.aggCreator (D:\ntav-workspace\job\travelling-website\funix-travelling-backend\src\services\client\tour.js:143:3)
    at module.exports.getTours (D:\ntav-workspace\job\travelling-website\funix-travelling-backend\src\controllers\client\tour.js:23:27)
    at Layer.handle [as handle_request] (D:\ntav-workspace\job\travelling-website\funix-travelling-backend\node_modules\express\lib\router\layer.js:95:5)
    at next (D:\ntav-workspace\job\travelling-website\funix-travelling-backend\node_modules\express\lib\router\route.js:144:13)
    at Route.dispatch (D:\ntav-workspace\job\travelling-website\funix-travelling-backend\node_modules\express\lib\router\route.js:114:3)
    at Layer.handle [as handle_request] (D:\ntav-workspace\job\travelling-website\funix-travelling-backend\node_modules\express\lib\router\layer.js:95:5)
    at D:\ntav-workspace\job\travelling-website\funix-travelling-backend\node_modules\express\lib\router\index.js:284:15
    at Function.process_params (D:\ntav-workspace\job\travelling-website\funix-travelling-backend\node_modules\express\lib\router\index.js:346:12)
    at next (D:\ntav-workspace\job\travelling-website\funix-travelling-backend\node_modules\express\lib\router\index.js:280:10)
    at Function.handle (D:\ntav-workspace\job\travelling-website\funix-travelling-backend\node_modules\express\lib\router\index.js:175:3)
70e30063-e394-4957-b9e9-fb5272ed593b	16-12-2022	11:49:11	GET	/tour?page=1&page_size=6&lang=vi	banner is not defined	ReferenceError: banner is not defined
    at Object.module.exports.aggCreator (D:\ntav-workspace\job\travelling-website\funix-travelling-backend\src\services\client\tour.js:143:3)
    at module.exports.getTours (D:\ntav-workspace\job\travelling-website\funix-travelling-backend\src\controllers\client\tour.js:23:27)
    at Layer.handle [as handle_request] (D:\ntav-workspace\job\travelling-website\funix-travelling-backend\node_modules\express\lib\router\layer.js:95:5)
    at next (D:\ntav-workspace\job\travelling-website\funix-travelling-backend\node_modules\express\lib\router\route.js:144:13)
    at Route.dispatch (D:\ntav-workspace\job\travelling-website\funix-travelling-backend\node_modules\express\lib\router\route.js:114:3)
    at Layer.handle [as handle_request] (D:\ntav-workspace\job\travelling-website\funix-travelling-backend\node_modules\express\lib\router\layer.js:95:5)
    at D:\ntav-workspace\job\travelling-website\funix-travelling-backend\node_modules\express\lib\router\index.js:284:15
    at Function.process_params (D:\ntav-workspace\job\travelling-website\funix-travelling-backend\node_modules\express\lib\router\index.js:346:12)
    at next (D:\ntav-workspace\job\travelling-website\funix-travelling-backend\node_modules\express\lib\router\index.js:280:10)
    at Function.handle (D:\ntav-workspace\job\travelling-website\funix-travelling-backend\node_modules\express\lib\router\index.js:175:3)
478ed8be-f151-4801-bf48-55aa6101d63d	16-12-2022	11:49:14	GET	/tour?page=1&page_size=6&lang=vi	banner is not defined	ReferenceError: banner is not defined
    at Object.module.exports.aggCreator (D:\ntav-workspace\job\travelling-website\funix-travelling-backend\src\services\client\tour.js:143:3)
    at module.exports.getTours (D:\ntav-workspace\job\travelling-website\funix-travelling-backend\src\controllers\client\tour.js:23:27)
    at Layer.handle [as handle_request] (D:\ntav-workspace\job\travelling-website\funix-travelling-backend\node_modules\express\lib\router\layer.js:95:5)
    at next (D:\ntav-workspace\job\travelling-website\funix-travelling-backend\node_modules\express\lib\router\route.js:144:13)
    at Route.dispatch (D:\ntav-workspace\job\travelling-website\funix-travelling-backend\node_modules\express\lib\router\route.js:114:3)
    at Layer.handle [as handle_request] (D:\ntav-workspace\job\travelling-website\funix-travelling-backend\node_modules\express\lib\router\layer.js:95:5)
    at D:\ntav-workspace\job\travelling-website\funix-travelling-backend\node_modules\express\lib\router\index.js:284:15
    at Function.process_params (D:\ntav-workspace\job\travelling-website\funix-travelling-backend\node_modules\express\lib\router\index.js:346:12)
    at next (D:\ntav-workspace\job\travelling-website\funix-travelling-backend\node_modules\express\lib\router\index.js:280:10)
    at Function.handle (D:\ntav-workspace\job\travelling-website\funix-travelling-backend\node_modules\express\lib\router\index.js:175:3)
e9ba1529-b343-40d9-9333-0f2599d85941	16-12-2022	11:49:45	GET	/tour?page=1&page_size=6&lang=vi	banner is not defined	ReferenceError: banner is not defined
    at Object.module.exports.aggCreator (D:\ntav-workspace\job\travelling-website\funix-travelling-backend\src\services\client\tour.js:143:3)
    at module.exports.getTours (D:\ntav-workspace\job\travelling-website\funix-travelling-backend\src\controllers\client\tour.js:33:27)
    at Layer.handle [as handle_request] (D:\ntav-workspace\job\travelling-website\funix-travelling-backend\node_modules\express\lib\router\layer.js:95:5)
    at next (D:\ntav-workspace\job\travelling-website\funix-travelling-backend\node_modules\express\lib\router\route.js:144:13)
    at Route.dispatch (D:\ntav-workspace\job\travelling-website\funix-travelling-backend\node_modules\express\lib\router\route.js:114:3)
    at Layer.handle [as handle_request] (D:\ntav-workspace\job\travelling-website\funix-travelling-backend\node_modules\express\lib\router\layer.js:95:5)
    at D:\ntav-workspace\job\travelling-website\funix-travelling-backend\node_modules\express\lib\router\index.js:284:15
    at Function.process_params (D:\ntav-workspace\job\travelling-website\funix-travelling-backend\node_modules\express\lib\router\index.js:346:12)
    at next (D:\ntav-workspace\job\travelling-website\funix-travelling-backend\node_modules\express\lib\router\index.js:280:10)
    at Function.handle (D:\ntav-workspace\job\travelling-website\funix-travelling-backend\node_modules\express\lib\router\index.js:175:3)
9a6c6a3a-b2fd-44a5-82fd-d9ecee7097b9	16-12-2022	11:50:49	GET	/tour?page=1&page_size=6&banner=home&lang=vi	$in needs an array	MongoServerError: $in needs an array
    at Connection.onMessage (D:\ntav-workspace\job\travelling-website\funix-travelling-backend\node_modules\mongodb\lib\cmap\connection.js:207:30)
    at MessageStream.<anonymous> (D:\ntav-workspace\job\travelling-website\funix-travelling-backend\node_modules\mongodb\lib\cmap\connection.js:60:60)
    at MessageStream.emit (node:events:513:28)
    at processIncomingData (D:\ntav-workspace\job\travelling-website\funix-travelling-backend\node_modules\mongodb\lib\cmap\message_stream.js:132:20)
    at MessageStream._write (D:\ntav-workspace\job\travelling-website\funix-travelling-backend\node_modules\mongodb\lib\cmap\message_stream.js:33:9)
    at writeOrBuffer (node:internal/streams/writable:391:12)
    at _write (node:internal/streams/writable:332:10)
    at MessageStream.Writable.write (node:internal/streams/writable:336:10)
    at TLSSocket.ondata (node:internal/streams/readable:754:22)
    at TLSSocket.emit (node:events:513:28)
b9c398ba-0c60-4474-abfd-06f09db142fe	16-12-2022	04:52:12	GET	/api/user	Route Not Found
bda99852-c1b8-4b0f-ac19-840c68d863f6	16-12-2022	09:57:52	POST	/user/change-password?lang=vi	Cannot read properties of undefined (reading 'password')	TypeError: Cannot read properties of undefined (reading 'password')
    at module.exports.changePassword (D:\ntav-workspace\job\travelling-website\funix-travelling-backend\src\controllers\client\user.js:53:35)
    at Layer.handle [as handle_request] (D:\ntav-workspace\job\travelling-website\funix-travelling-backend\node_modules\express\lib\router\layer.js:95:5)
    at next (D:\ntav-workspace\job\travelling-website\funix-travelling-backend\node_modules\express\lib\router\route.js:144:13)
    at Route.dispatch (D:\ntav-workspace\job\travelling-website\funix-travelling-backend\node_modules\express\lib\router\route.js:114:3)
    at Layer.handle [as handle_request] (D:\ntav-workspace\job\travelling-website\funix-travelling-backend\node_modules\express\lib\router\layer.js:95:5)
    at D:\ntav-workspace\job\travelling-website\funix-travelling-backend\node_modules\express\lib\router\index.js:284:15
    at Function.process_params (D:\ntav-workspace\job\travelling-website\funix-travelling-backend\node_modules\express\lib\router\index.js:346:12)
    at next (D:\ntav-workspace\job\travelling-website\funix-travelling-backend\node_modules\express\lib\router\index.js:280:10)
    at Function.handle (D:\ntav-workspace\job\travelling-website\funix-travelling-backend\node_modules\express\lib\router\index.js:175:3)
    at router (D:\ntav-workspace\job\travelling-website\funix-travelling-backend\node_modules\express\lib\router\index.js:47:12)
784bb6a2-c565-4f56-9547-8f2b2bc794a3	16-12-2022	10:03:46	POST	/user/login?lang=vi	
9de4781b-6a21-45ad-8bb7-3fca7b2a05bb	16-12-2022	10:06:27	POST	/user/change-password?lang=vi	
1a419c9f-4697-4407-a63e-2783960bbca8	16-12-2022	10:07:02	POST	/user/change-password?lang=vi	
d0a5b197-4763-4500-9cc3-2bed5fcbe5bd	16-12-2022	10:07:04	POST	/user/change-password?lang=vi	
a6e5cf17-9493-47cd-9806-daa55e98d09c	16-12-2022	10:07:06	POST	/user/change-password?lang=vi	
13e0562e-acfa-4a90-83c2-d19a5204f8c6	16-12-2022	10:07:43	POST	/user/change-password?lang=vi	
f697505d-7847-4202-a1c4-096987a0f26e	16-12-2022	10:07:44	POST	/user/change-password?lang=vi	
7ce002f3-55b0-462d-8cba-71d14a8f1fc6	16-12-2022	10:07:51	POST	/user/change-password?lang=vi	
495d94cd-f2e9-41c5-8e2a-162d176a98e0	16-12-2022	10:07:52	POST	/user/change-password?lang=vi	
a7e08eda-139e-4089-a4b4-06a696d60382	16-12-2022	10:07:53	POST	/user/change-password?lang=vi	
39272bee-6b6f-4c0c-9d6d-587e26cb0ed7	16-12-2022	10:07:55	POST	/user/change-password?lang=vi	
183079b6-a29e-4606-bd9f-59edc690d5ae	16-12-2022	10:08:38	POST	/user/change-password?lang=vi	
4262dc6e-00b6-44be-8191-adc12d21171e	16-12-2022	10:08:40	POST	/user/change-password?lang=vi	
c302ad8f-916f-4938-9bd0-78a213209331	16-12-2022	10:08:40	POST	/user/change-password?lang=vi	
725637c4-61bd-4f81-a04d-57c1b2e2a6ae	16-12-2022	10:08:44	POST	/user/change-password?lang=vi	
939c80fd-ae18-4b51-95dc-1daeec0074cc	16-12-2022	10:08:47	POST	/user/change-password?lang=vi	
ea84e54d-65f6-4f12-94e7-e12dea542bb4	16-12-2022	10:08:51	POST	/user/change-password?lang=vi	
4dcceeb6-8324-400c-815a-3f1960a54ba5	16-12-2022	10:08:55	POST	/user/change-password?lang=vi	
a1ebb6d1-5011-4223-9835-109eefc7972b	16-12-2022	10:08:58	POST	/user/change-password?lang=vi	
2824781a-e5ba-410e-b963-001038b98a7b	16-12-2022	10:09:21	POST	/user/change-password?lang=vi	
4c3dfd58-f1be-45ad-9a6b-fc2aadae7c57	16-12-2022	10:09:26	POST	/user/change-password?lang=vi	
f19d4232-3c5f-4d8f-b0f1-3c8ee03a76a3	16-12-2022	10:10:57	POST	/user/change-password?lang=vi	
790dca37-7276-4024-9cbc-8adbb3f49ed2	16-12-2022	10:10:58	POST	/user/change-password?lang=vi	
6c00dba1-9411-4c97-a82d-03d5b5396674	16-12-2022	10:10:59	POST	/user/change-password?lang=vi	
015c72dd-eb3b-4be6-8f8c-b5ab661ae324	16-12-2022	10:11:00	POST	/user/change-password?lang=vi	
9394869c-a78a-4190-90d4-530289ac3508	16-12-2022	10:11:01	POST	/user/change-password?lang=vi	
659bd993-088a-479b-9713-ca34b21c050f	16-12-2022	10:11:07	POST	/user/change-password?lang=vi	
98d077c2-e1c0-4da1-be4f-b2fb93c9c684	16-12-2022	10:11:18	POST	/user/change-password?lang=vi	
2306c9d1-7d05-47db-a0af-2f0609b2cb7b	16-12-2022	10:11:32	POST	/user/change-password?lang=vi	
d7bfc7ab-9b5a-4881-aea4-1fb0c25b80b5	16-12-2022	10:41:22	PUT	/user/change-role?lang=vi	
d68a4397-e3e9-4074-a1a2-82d67de37865	16-12-2022	10:42:09	PUT	/user/change-role?lang=vi	
3be16f30-ad78-4f5c-980e-167a939ff98b	16-12-2022	10:50:18	DELETE	/user/change-role?lang=vi	Route Not Found
0bc88e7d-7fb4-44a4-9f25-fa9dc5c1524f	16-12-2022	10:50:43	DELETE	/user?lang=vi	user.destroy is not a function	TypeError: user.destroy is not a function
    at module.exports.deleteUser (D:\ntav-workspace\job\travelling-website\funix-travelling-backend\src\controllers\client\user.js:207:16)
    at processTicksAndRejections (node:internal/process/task_queues:96:5)
b3fd3327-ec09-4f71-b09b-39ea9676896b	17-12-2022	01:09:52	GET	/term/cancellation?lang=vi	Route Not Found
b1a12ce7-7f32-4e24-acc3-30c8a6ef77ff	17-12-2022	01:17:17	GET	/term/cancellation?lang=vi	Route Not Found
39d55095-67b0-4470-bb5e-794bdee86556	17-12-2022	01:17:20	GET	/term/cancellation?lang=vi	Route Not Found
1f04f705-431d-4e8b-b7c8-594e5b0d726c	17-12-2022	01:17:47	GET	/term/cancellation?lang=vi	Route Not Found
e8ec2810-9de1-4c9a-bf5e-973c991cd6a8	17-12-2022	01:18:27	GET	/term/cancellation?lang=vi	
1553f1c1-bf83-4c5a-bf38-0e67fcbf2614	17-12-2022	11:12:58	GET	/about?lang=vi	Route Not Found
0f6f8434-f81c-4557-9ec6-9735490116f6	17-12-2022	11:21:04	GET	/about?lang=vi	Route Not Found
c8484793-f6fa-4d07-84b5-4ee822626f73	17-12-2022	11:23:03	GET	/about?lang=vi	Route Not Found
6a374354-7c92-4c61-8383-16d50cda154d	17-12-2022	11:25:27	GET	/term/registration?lang=vi	Operation `terms.findOne()` buffering timed out after 10000ms	MongooseError: Operation `terms.findOne()` buffering timed out after 10000ms
    at Timeout.<anonymous> (D:\ntav-workspace\job\travelling-website\funix-travelling-backend\node_modules\mongoose\lib\drivers\node-mongodb-native\collection.js:153:23)
    at listOnTimeout (node:internal/timers:559:17)
    at processTimers (node:internal/timers:502:7)
5f452d9a-ae49-4ce1-9a32-de4726945fc4	17-12-2022	11:25:39	GET	/term/cancellation?lang=vi	Operation `terms.findOne()` buffering timed out after 10000ms	MongooseError: Operation `terms.findOne()` buffering timed out after 10000ms
    at Timeout.<anonymous> (D:\ntav-workspace\job\travelling-website\funix-travelling-backend\node_modules\mongoose\lib\drivers\node-mongodb-native\collection.js:153:23)
    at listOnTimeout (node:internal/timers:559:17)
    at processTimers (node:internal/timers:502:7)
08cfdedb-0616-4d76-a343-26d732caeafa	17-12-2022	11:25:49	GET	/term/notes?lang=vi	Operation `terms.findOne()` buffering timed out after 10000ms	MongooseError: Operation `terms.findOne()` buffering timed out after 10000ms
    at Timeout.<anonymous> (D:\ntav-workspace\job\travelling-website\funix-travelling-backend\node_modules\mongoose\lib\drivers\node-mongodb-native\collection.js:153:23)
    at listOnTimeout (node:internal/timers:559:17)
    at processTimers (node:internal/timers:502:7)
f0801f69-4d2b-4032-af23-d43de0af421b	17-12-2022	11:25:57	GET	/term/payment?lang=vi	Operation `terms.findOne()` buffering timed out after 10000ms	MongooseError: Operation `terms.findOne()` buffering timed out after 10000ms
    at Timeout.<anonymous> (D:\ntav-workspace\job\travelling-website\funix-travelling-backend\node_modules\mongoose\lib\drivers\node-mongodb-native\collection.js:153:23)
    at listOnTimeout (node:internal/timers:559:17)
    at processTimers (node:internal/timers:502:7)
42e7e514-4a10-4ecf-837d-8352a425c668	17-12-2022	11:26:04	GET	/term/privacy?lang=vi	Operation `terms.findOne()` buffering timed out after 10000ms	MongooseError: Operation `terms.findOne()` buffering timed out after 10000ms
    at Timeout.<anonymous> (D:\ntav-workspace\job\travelling-website\funix-travelling-backend\node_modules\mongoose\lib\drivers\node-mongodb-native\collection.js:153:23)
    at listOnTimeout (node:internal/timers:559:17)
    at processTimers (node:internal/timers:502:7)
0a5ddbb9-e53c-440e-a5f2-8f2de0bfd1ca	17-12-2022	11:26:52	GET	/about?lang=vi	Operation `abouts.findOne()` buffering timed out after 10000ms	MongooseError: Operation `abouts.findOne()` buffering timed out after 10000ms
    at Timeout.<anonymous> (D:\ntav-workspace\job\travelling-website\funix-travelling-backend\node_modules\mongoose\lib\drivers\node-mongodb-native\collection.js:153:23)
    at listOnTimeout (node:internal/timers:559:17)
    at processTimers (node:internal/timers:502:7)
fbca8ef8-b836-43f2-96dd-d1a43a310121	17-12-2022	11:27:17	GET	/about?lang=vi	ка is not defined	ReferenceError: ка is not defined
    at module.exports.getAbout (D:\ntav-workspace\job\travelling-website\funix-travelling-backend\src\controllers\client\about.js:10:37)
    at Layer.handle [as handle_request] (D:\ntav-workspace\job\travelling-website\funix-travelling-backend\node_modules\express\lib\router\layer.js:95:5)
    at next (D:\ntav-workspace\job\travelling-website\funix-travelling-backend\node_modules\express\lib\router\route.js:144:13)
    at Route.dispatch (D:\ntav-workspace\job\travelling-website\funix-travelling-backend\node_modules\express\lib\router\route.js:114:3)
    at Layer.handle [as handle_request] (D:\ntav-workspace\job\travelling-website\funix-travelling-backend\node_modules\express\lib\router\layer.js:95:5)
    at D:\ntav-workspace\job\travelling-website\funix-travelling-backend\node_modules\express\lib\router\index.js:284:15
    at Function.process_params (D:\ntav-workspace\job\travelling-website\funix-travelling-backend\node_modules\express\lib\router\index.js:346:12)
    at next (D:\ntav-workspace\job\travelling-website\funix-travelling-backend\node_modules\express\lib\router\index.js:280:10)
    at Function.handle (D:\ntav-workspace\job\travelling-website\funix-travelling-backend\node_modules\express\lib\router\index.js:175:3)
    at router (D:\ntav-workspace\job\travelling-website\funix-travelling-backend\node_modules\express\lib\router\index.js:47:12)
c73e2a77-6f54-40b2-a974-0de704891ea8	18-12-2022	02:23:51	DELETE	/admin/tour?lang=vi	error is not defined	ReferenceError: error is not defined
    at module.exports.deleteTour (D:\ntav-workspace\job\travelling-website\funix-travelling-backend\src\controllers\admin\tour.js:335:29)
    at Layer.handle [as handle_request] (D:\ntav-workspace\job\travelling-website\funix-travelling-backend\node_modules\express\lib\router\layer.js:95:5)
    at next (D:\ntav-workspace\job\travelling-website\funix-travelling-backend\node_modules\express\lib\router\route.js:144:13)
    at Route.dispatch (D:\ntav-workspace\job\travelling-website\funix-travelling-backend\node_modules\express\lib\router\route.js:114:3)
    at Layer.handle [as handle_request] (D:\ntav-workspace\job\travelling-website\funix-travelling-backend\node_modules\express\lib\router\layer.js:95:5)
    at D:\ntav-workspace\job\travelling-website\funix-travelling-backend\node_modules\express\lib\router\index.js:284:15
    at Function.process_params (D:\ntav-workspace\job\travelling-website\funix-travelling-backend\node_modules\express\lib\router\index.js:346:12)
    at next (D:\ntav-workspace\job\travelling-website\funix-travelling-backend\node_modules\express\lib\router\index.js:280:10)
    at Function.handle (D:\ntav-workspace\job\travelling-website\funix-travelling-backend\node_modules\express\lib\router\index.js:175:3)
    at router (D:\ntav-workspace\job\travelling-website\funix-travelling-backend\node_modules\express\lib\router\index.js:47:12)
a3c18486-c079-4259-9b5a-314f8062605a	18-12-2022	02:24:39	DELETE	/admin/tour?lang=vi	error is not defined	ReferenceError: error is not defined
    at module.exports.deleteTour (D:\ntav-workspace\job\travelling-website\funix-travelling-backend\src\controllers\admin\tour.js:335:29)
    at Layer.handle [as handle_request] (D:\ntav-workspace\job\travelling-website\funix-travelling-backend\node_modules\express\lib\router\layer.js:95:5)
    at next (D:\ntav-workspace\job\travelling-website\funix-travelling-backend\node_modules\express\lib\router\route.js:144:13)
    at Route.dispatch (D:\ntav-workspace\job\travelling-website\funix-travelling-backend\node_modules\express\lib\router\route.js:114:3)
    at Layer.handle [as handle_request] (D:\ntav-workspace\job\travelling-website\funix-travelling-backend\node_modules\express\lib\router\layer.js:95:5)
    at D:\ntav-workspace\job\travelling-website\funix-travelling-backend\node_modules\express\lib\router\index.js:284:15
    at Function.process_params (D:\ntav-workspace\job\travelling-website\funix-travelling-backend\node_modules\express\lib\router\index.js:346:12)
    at next (D:\ntav-workspace\job\travelling-website\funix-travelling-backend\node_modules\express\lib\router\index.js:280:10)
    at Function.handle (D:\ntav-workspace\job\travelling-website\funix-travelling-backend\node_modules\express\lib\router\index.js:175:3)
    at router (D:\ntav-workspace\job\travelling-website\funix-travelling-backend\node_modules\express\lib\router\index.js:47:12)
e108bbb0-e1a3-4f81-b4da-555131c09ef5	18-12-2022	11:38:58	POST	/user/change-password?lang=vi	
929c91cb-e170-46df-aa8f-ef98a0f6a58e	18-12-2022	12:03:24	POST	/user/change-password?lang=vi	
1bee33f5-49e7-4bd3-bc5f-cd33558f5b7c	18-12-2022	12:03:58	POST	/user/login?lang=vi	
323b7fb6-f289-4901-bbab-457bbdee3a25	18-12-2022	12:04:01	POST	/user/login?lang=vi	
ae2ce526-b4c0-4e0e-8316-d76f91470db6	18-12-2022	12:09:16	POST	/user/login?lang=vi	
eef3b89e-2614-4899-b2ab-4cd3d3aab41b	18-12-2022	12:09:28	POST	/user/login?lang=vi	
e2b06adb-4b1f-4f96-b2e4-24b2c55e9848	18-12-2022	12:10:34	POST	/user/login?lang=vi	
a83c4cdb-27b8-4f2c-a35a-6d710005b591	18-12-2022	07:44:59	GET	/tour?search=t&lang=vi	PlanExecutor error during aggregation :: caused by :: Remote error from mongot :: caused by :: "compound.should[0].autocomplete.path" must be a string	MongoServerError: PlanExecutor error during aggregation :: caused by :: Remote error from mongot :: caused by :: "compound.should[0].autocomplete.path" must be a string
    at Connection.onMessage (D:\ntav-workspace\job\travelling-website\funix-travelling-backend\node_modules\mongodb\lib\cmap\connection.js:207:30)
    at MessageStream.<anonymous> (D:\ntav-workspace\job\travelling-website\funix-travelling-backend\node_modules\mongodb\lib\cmap\connection.js:60:60)
    at MessageStream.emit (node:events:513:28)
    at processIncomingData (D:\ntav-workspace\job\travelling-website\funix-travelling-backend\node_modules\mongodb\lib\cmap\message_stream.js:132:20)
    at MessageStream._write (D:\ntav-workspace\job\travelling-website\funix-travelling-backend\node_modules\mongodb\lib\cmap\message_stream.js:33:9)
    at writeOrBuffer (node:internal/streams/writable:391:12)
    at _write (node:internal/streams/writable:332:10)
    at MessageStream.Writable.write (node:internal/streams/writable:336:10)
    at TLSSocket.ondata (node:internal/streams/readable:754:22)
    at TLSSocket.emit (node:events:513:28)
9927a1a1-0122-4a09-bb2d-9c3cccf8a224	18-12-2022	07:47:39	GET	/tour?search=t&lang=vi	PlanExecutor error during aggregation :: caused by :: Remote error from mongot :: caused by :: "autocomplete.path" must be a string	MongoServerError: PlanExecutor error during aggregation :: caused by :: Remote error from mongot :: caused by :: "autocomplete.path" must be a string
    at Connection.onMessage (D:\ntav-workspace\job\travelling-website\funix-travelling-backend\node_modules\mongodb\lib\cmap\connection.js:207:30)
    at MessageStream.<anonymous> (D:\ntav-workspace\job\travelling-website\funix-travelling-backend\node_modules\mongodb\lib\cmap\connection.js:60:60)
    at MessageStream.emit (node:events:513:28)
    at processIncomingData (D:\ntav-workspace\job\travelling-website\funix-travelling-backend\node_modules\mongodb\lib\cmap\message_stream.js:132:20)
    at MessageStream._write (D:\ntav-workspace\job\travelling-website\funix-travelling-backend\node_modules\mongodb\lib\cmap\message_stream.js:33:9)
    at writeOrBuffer (node:internal/streams/writable:391:12)
    at _write (node:internal/streams/writable:332:10)
    at MessageStream.Writable.write (node:internal/streams/writable:336:10)
    at TLSSocket.ondata (node:internal/streams/readable:754:22)
    at TLSSocket.emit (node:events:513:28)
4e99f74f-a02b-4611-9b8d-f6cdc0d00162	19-12-2022	03:57:45	GET	/tour?search=t&lang=vi	Cannot read properties of undefined (reading 'map')	TypeError: Cannot read properties of undefined (reading 'map')
    at Object.module.exports.getSingleTour (D:\ntav-workspace\job\travelling-website\funix-travelling-backend\src\services\client\tour.js:3:6)
    at D:\ntav-workspace\job\travelling-website\funix-travelling-backend\src\services\client\tour.js:86:23
    at Array.map (<anonymous>)
    at Object.module.exports.getTours (D:\ntav-workspace\job\travelling-website\funix-travelling-backend\src\services\client\tour.js:85:25)
    at module.exports.getTours (D:\ntav-workspace\job\travelling-website\funix-travelling-backend\src\controllers\client\tour.js:70:33)
    at processTicksAndRejections (node:internal/process/task_queues:96:5)
c7a4cd24-152d-41bd-b99d-955c9319fb37	19-12-2022	03:58:03	GET	/tour?search=tour+xxx&lang=vi	Cannot read properties of undefined (reading 'map')	TypeError: Cannot read properties of undefined (reading 'map')
    at Object.module.exports.getSingleTour (D:\ntav-workspace\job\travelling-website\funix-travelling-backend\src\services\client\tour.js:3:6)
    at D:\ntav-workspace\job\travelling-website\funix-travelling-backend\src\services\client\tour.js:86:23
    at Array.map (<anonymous>)
    at Object.module.exports.getTours (D:\ntav-workspace\job\travelling-website\funix-travelling-backend\src\services\client\tour.js:85:25)
    at module.exports.getTours (D:\ntav-workspace\job\travelling-website\funix-travelling-backend\src\controllers\client\tour.js:70:33)
    at processTicksAndRejections (node:internal/process/task_queues:96:5)
d03e8f47-3568-4bc6-9512-6bfc9b633c29	19-12-2022	03:58:41	GET	/tour?search=t&lang=vi	Cannot read properties of undefined (reading 'map')	TypeError: Cannot read properties of undefined (reading 'map')
    at Object.module.exports.getSingleTour (D:\ntav-workspace\job\travelling-website\funix-travelling-backend\src\services\client\tour.js:3:6)
    at D:\ntav-workspace\job\travelling-website\funix-travelling-backend\src\services\client\tour.js:86:23
    at Array.map (<anonymous>)
    at Object.module.exports.getTours (D:\ntav-workspace\job\travelling-website\funix-travelling-backend\src\services\client\tour.js:85:25)
    at module.exports.getTours (D:\ntav-workspace\job\travelling-website\funix-travelling-backend\src\controllers\client\tour.js:70:33)
    at processTicksAndRejections (node:internal/process/task_queues:96:5)
683e6c7a-577c-4ff8-beca-889717a24a6a	19-12-2022	03:58:48	GET	/tour?search=tour+xxx&lang=vi	Cannot read properties of undefined (reading 'map')	TypeError: Cannot read properties of undefined (reading 'map')
    at Object.module.exports.getSingleTour (D:\ntav-workspace\job\travelling-website\funix-travelling-backend\src\services\client\tour.js:3:6)
    at D:\ntav-workspace\job\travelling-website\funix-travelling-backend\src\services\client\tour.js:86:23
    at Array.map (<anonymous>)
    at Object.module.exports.getTours (D:\ntav-workspace\job\travelling-website\funix-travelling-backend\src\services\client\tour.js:85:25)
    at module.exports.getTours (D:\ntav-workspace\job\travelling-website\funix-travelling-backend\src\controllers\client\tour.js:70:33)
    at processTicksAndRejections (node:internal/process/task_queues:96:5)
111dd172-0309-4515-8a04-ccda695b50a9	19-12-2022	03:59:00	GET	/tour?search=xx&lang=vi	Cannot read properties of undefined (reading 'map')	TypeError: Cannot read properties of undefined (reading 'map')
    at Object.module.exports.getSingleTour (D:\ntav-workspace\job\travelling-website\funix-travelling-backend\src\services\client\tour.js:3:6)
    at D:\ntav-workspace\job\travelling-website\funix-travelling-backend\src\services\client\tour.js:86:23
    at Array.map (<anonymous>)
    at Object.module.exports.getTours (D:\ntav-workspace\job\travelling-website\funix-travelling-backend\src\services\client\tour.js:85:25)
    at module.exports.getTours (D:\ntav-workspace\job\travelling-website\funix-travelling-backend\src\controllers\client\tour.js:70:33)
    at processTicksAndRejections (node:internal/process/task_queues:96:5)
464dd0d0-8550-4e24-8fb6-bf41b5b48c61	19-12-2022	03:59:01	GET	/tour?search=xxx&lang=vi	Cannot read properties of undefined (reading 'map')	TypeError: Cannot read properties of undefined (reading 'map')
    at Object.module.exports.getSingleTour (D:\ntav-workspace\job\travelling-website\funix-travelling-backend\src\services\client\tour.js:3:6)
    at D:\ntav-workspace\job\travelling-website\funix-travelling-backend\src\services\client\tour.js:86:23
    at Array.map (<anonymous>)
    at Object.module.exports.getTours (D:\ntav-workspace\job\travelling-website\funix-travelling-backend\src\services\client\tour.js:85:25)
    at module.exports.getTours (D:\ntav-workspace\job\travelling-website\funix-travelling-backend\src\controllers\client\tour.js:70:33)
    at processTicksAndRejections (node:internal/process/task_queues:96:5)
4e380475-653b-47cb-99bf-69073bdbfc6b	19-12-2022	04:01:13	GET	/tour?search=tour&lang=vi	Cannot read properties of undefined (reading 'map')	TypeError: Cannot read properties of undefined (reading 'map')
    at Object.module.exports.getSingleTour (D:\ntav-workspace\job\travelling-website\funix-travelling-backend\src\services\client\tour.js:3:6)
    at D:\ntav-workspace\job\travelling-website\funix-travelling-backend\src\services\client\tour.js:86:23
    at Array.map (<anonymous>)
    at Object.module.exports.getTours (D:\ntav-workspace\job\travelling-website\funix-travelling-backend\src\services\client\tour.js:85:25)
    at module.exports.getTours (D:\ntav-workspace\job\travelling-website\funix-travelling-backend\src\controllers\client\tour.js:70:33)
    at processTicksAndRejections (node:internal/process/task_queues:96:5)
6e3137ee-adaf-4691-b707-9913a439d776	19-12-2022	04:29:44	GET	/tour?search=tour+te&lang=vi	PlanExecutor error during aggregation :: caused by :: Remote error from mongot :: caused by :: unrecognized field "highlights"	MongoServerError: PlanExecutor error during aggregation :: caused by :: Remote error from mongot :: caused by :: unrecognized field "highlights"
    at Connection.onMessage (D:\ntav-workspace\job\travelling-website\funix-travelling-backend\node_modules\mongodb\lib\cmap\connection.js:207:30)
    at MessageStream.<anonymous> (D:\ntav-workspace\job\travelling-website\funix-travelling-backend\node_modules\mongodb\lib\cmap\connection.js:60:60)
    at MessageStream.emit (node:events:513:28)
    at processIncomingData (D:\ntav-workspace\job\travelling-website\funix-travelling-backend\node_modules\mongodb\lib\cmap\message_stream.js:132:20)
    at MessageStream._write (D:\ntav-workspace\job\travelling-website\funix-travelling-backend\node_modules\mongodb\lib\cmap\message_stream.js:33:9)
    at writeOrBuffer (node:internal/streams/writable:391:12)
    at _write (node:internal/streams/writable:332:10)
    at MessageStream.Writable.write (node:internal/streams/writable:336:10)
    at TLSSocket.ondata (node:internal/streams/readable:754:22)
    at TLSSocket.emit (node:events:513:28)
36116fcb-1f53-4cd5-b661-f1c08ad8ec47	20-12-2022	04:23:29	PUT	/admin/tour?lang=vi	Tour validation failed: banner: Cast to string failed for value "[]" (type Array) at path "banner"	ValidationError: Tour validation failed: banner: Cast to string failed for value "[]" (type Array) at path "banner"
    at model.Document.invalidate (D:\ntav-workspace\job\travelling-website\funix-travelling-backend\node_modules\mongoose\lib\document.js:3097:32)
    at _init (D:\ntav-workspace\job\travelling-website\funix-travelling-backend\node_modules\mongoose\lib\document.js:773:18)
    at init (D:\ntav-workspace\job\travelling-website\funix-travelling-backend\node_modules\mongoose\lib\document.js:724:5)
    at model.Document.$__init (D:\ntav-workspace\job\travelling-website\funix-travelling-backend\node_modules\mongoose\lib\document.js:683:3)
    at model.syncWrapper [as $__init] (D:\ntav-workspace\job\travelling-website\funix-travelling-backend\node_modules\kareem\index.js:288:23)
    at model.Document.init (D:\ntav-workspace\job\travelling-website\funix-travelling-backend\node_modules\mongoose\lib\document.js:627:8)
    at model.Document.$init (D:\ntav-workspace\job\travelling-website\funix-travelling-backend\node_modules\mongoose\lib\document.js:643:42)
    at Object.createModelAndInit (D:\ntav-workspace\job\travelling-website\funix-travelling-backend\node_modules\mongoose\lib\queryhelpers.js:137:12)
    at completeOne (D:\ntav-workspace\job\travelling-website\funix-travelling-backend\node_modules\mongoose\lib\query.js:3277:11)
    at model.Query.Query._completeOne (D:\ntav-workspace\job\travelling-website\funix-travelling-backend\node_modules\mongoose\lib\query.js:2470:7)
c91262b7-8cd0-4713-994a-103e780e3524	20-12-2022	04:24:46	PUT	/admin/tour?lang=vi	Tour validation failed: banner: Cast to string failed for value "[]" (type Array) at path "banner"	ValidationError: Tour validation failed: banner: Cast to string failed for value "[]" (type Array) at path "banner"
    at model.Document.invalidate (D:\ntav-workspace\job\travelling-website\funix-travelling-backend\node_modules\mongoose\lib\document.js:3097:32)
    at _init (D:\ntav-workspace\job\travelling-website\funix-travelling-backend\node_modules\mongoose\lib\document.js:773:18)
    at init (D:\ntav-workspace\job\travelling-website\funix-travelling-backend\node_modules\mongoose\lib\document.js:724:5)
    at model.Document.$__init (D:\ntav-workspace\job\travelling-website\funix-travelling-backend\node_modules\mongoose\lib\document.js:683:3)
    at model.syncWrapper [as $__init] (D:\ntav-workspace\job\travelling-website\funix-travelling-backend\node_modules\kareem\index.js:288:23)
    at model.Document.init (D:\ntav-workspace\job\travelling-website\funix-travelling-backend\node_modules\mongoose\lib\document.js:627:8)
    at model.Document.$init (D:\ntav-workspace\job\travelling-website\funix-travelling-backend\node_modules\mongoose\lib\document.js:643:42)
    at Object.createModelAndInit (D:\ntav-workspace\job\travelling-website\funix-travelling-backend\node_modules\mongoose\lib\queryhelpers.js:137:12)
    at completeOne (D:\ntav-workspace\job\travelling-website\funix-travelling-backend\node_modules\mongoose\lib\query.js:3277:11)
    at model.Query.Query._completeOne (D:\ntav-workspace\job\travelling-website\funix-travelling-backend\node_modules\mongoose\lib\query.js:2470:7)
7beff774-794f-4894-8b76-a1dd4bd7f6f4	20-12-2022	04:27:34	PUT	/admin/tour?lang=vi	Tour validation failed: banner: Cast to string failed for value "[]" (type Array) at path "banner"	ValidationError: Tour validation failed: banner: Cast to string failed for value "[]" (type Array) at path "banner"
    at model.Document.invalidate (D:\ntav-workspace\job\travelling-website\funix-travelling-backend\node_modules\mongoose\lib\document.js:3097:32)
    at _init (D:\ntav-workspace\job\travelling-website\funix-travelling-backend\node_modules\mongoose\lib\document.js:773:18)
    at init (D:\ntav-workspace\job\travelling-website\funix-travelling-backend\node_modules\mongoose\lib\document.js:724:5)
    at model.Document.$__init (D:\ntav-workspace\job\travelling-website\funix-travelling-backend\node_modules\mongoose\lib\document.js:683:3)
    at model.syncWrapper [as $__init] (D:\ntav-workspace\job\travelling-website\funix-travelling-backend\node_modules\kareem\index.js:288:23)
    at model.Document.init (D:\ntav-workspace\job\travelling-website\funix-travelling-backend\node_modules\mongoose\lib\document.js:627:8)
    at model.Document.$init (D:\ntav-workspace\job\travelling-website\funix-travelling-backend\node_modules\mongoose\lib\document.js:643:42)
    at Object.createModelAndInit (D:\ntav-workspace\job\travelling-website\funix-travelling-backend\node_modules\mongoose\lib\queryhelpers.js:137:12)
    at completeOne (D:\ntav-workspace\job\travelling-website\funix-travelling-backend\node_modules\mongoose\lib\query.js:3277:11)
    at model.Query.Query._completeOne (D:\ntav-workspace\job\travelling-website\funix-travelling-backend\node_modules\mongoose\lib\query.js:2470:7)
85453428-1e94-438d-a341-567fcd3daa08	20-12-2022	04:29:26	PUT	/admin/tour?lang=vi	Tour validation failed: banner: Cast to string failed for value "[]" (type Array) at path "banner"	ValidationError: Tour validation failed: banner: Cast to string failed for value "[]" (type Array) at path "banner"
    at model.Document.invalidate (D:\ntav-workspace\job\travelling-website\funix-travelling-backend\node_modules\mongoose\lib\document.js:3097:32)
    at _init (D:\ntav-workspace\job\travelling-website\funix-travelling-backend\node_modules\mongoose\lib\document.js:773:18)
    at init (D:\ntav-workspace\job\travelling-website\funix-travelling-backend\node_modules\mongoose\lib\document.js:724:5)
    at model.Document.$__init (D:\ntav-workspace\job\travelling-website\funix-travelling-backend\node_modules\mongoose\lib\document.js:683:3)
    at model.syncWrapper [as $__init] (D:\ntav-workspace\job\travelling-website\funix-travelling-backend\node_modules\kareem\index.js:288:23)
    at model.Document.init (D:\ntav-workspace\job\travelling-website\funix-travelling-backend\node_modules\mongoose\lib\document.js:627:8)
    at model.Document.$init (D:\ntav-workspace\job\travelling-website\funix-travelling-backend\node_modules\mongoose\lib\document.js:643:42)
    at Object.createModelAndInit (D:\ntav-workspace\job\travelling-website\funix-travelling-backend\node_modules\mongoose\lib\queryhelpers.js:137:12)
    at completeOne (D:\ntav-workspace\job\travelling-website\funix-travelling-backend\node_modules\mongoose\lib\query.js:3277:11)
    at model.Query.Query._completeOne (D:\ntav-workspace\job\travelling-website\funix-travelling-backend\node_modules\mongoose\lib\query.js:2470:7)
59d9d0fc-78bc-4227-b526-ba8f98d6292d	20-12-2022	05:05:43	POST	/admin/tour?lang=vi	Cannot read properties of undefined (reading 'slice')	TypeError: Cannot read properties of undefined (reading 'slice')
    at Object.baseOnFilename [as filename] (D:\ntav-workspace\job\travelling-website\funix-travelling-backend\src\helpers\getFileExtension.js:8:12)
    at D:\ntav-workspace\job\travelling-website\funix-travelling-backend\src\helpers\firebase.js:68:37
    at Array.map (<anonymous>)
    at uploadFiles (D:\ntav-workspace\job\travelling-website\funix-travelling-backend\src\helpers\firebase.js:64:18)
    at module.exports.addTour (D:\ntav-workspace\job\travelling-website\funix-travelling-backend\src\controllers\admin\tour.js:43:29)
    at processTicksAndRejections (node:internal/process/task_queues:96:5)
d43c6288-a11d-4d47-a141-741aba9e4aa1	20-12-2022	05:11:56	POST	/admin/tour?lang=vi	Cannot read properties of undefined (reading 'slice')	TypeError: Cannot read properties of undefined (reading 'slice')
    at Object.baseOnFilename [as filename] (D:\ntav-workspace\job\travelling-website\funix-travelling-backend\src\helpers\getFileExtension.js:8:12)
    at D:\ntav-workspace\job\travelling-website\funix-travelling-backend\src\helpers\firebase.js:68:37
    at Array.map (<anonymous>)
    at uploadFiles (D:\ntav-workspace\job\travelling-website\funix-travelling-backend\src\helpers\firebase.js:64:18)
    at module.exports.addTour (D:\ntav-workspace\job\travelling-website\funix-travelling-backend\src\controllers\admin\tour.js:43:29)
    at processTicksAndRejections (node:internal/process/task_queues:96:5)
baedc634-c528-4f79-a6e2-e2c5d6e4a8f2	20-12-2022	05:13:20	POST	/admin/tour?lang=vi	Cannot read properties of undefined (reading 'slice')	TypeError: Cannot read properties of undefined (reading 'slice')
    at Object.baseOnFilename [as filename] (D:\ntav-workspace\job\travelling-website\funix-travelling-backend\src\helpers\getFileExtension.js:8:12)
    at D:\ntav-workspace\job\travelling-website\funix-travelling-backend\src\helpers\firebase.js:68:37
    at Array.map (<anonymous>)
    at uploadFiles (D:\ntav-workspace\job\travelling-website\funix-travelling-backend\src\helpers\firebase.js:64:18)
    at module.exports.addTour (D:\ntav-workspace\job\travelling-website\funix-travelling-backend\src\controllers\admin\tour.js:43:29)
    at processTicksAndRejections (node:internal/process/task_queues:96:5)
8b67e6dd-b617-4700-85c1-8cb3f37f1550	20-12-2022	05:14:25	POST	/admin/tour?lang=vi	Cannot read properties of undefined (reading 'slice')	TypeError: Cannot read properties of undefined (reading 'slice')
    at Object.baseOnFilename [as filename] (D:\ntav-workspace\job\travelling-website\funix-travelling-backend\src\helpers\getFileExtension.js:8:12)
    at D:\ntav-workspace\job\travelling-website\funix-travelling-backend\src\helpers\firebase.js:69:37
    at Array.map (<anonymous>)
    at uploadFiles (D:\ntav-workspace\job\travelling-website\funix-travelling-backend\src\helpers\firebase.js:65:18)
    at module.exports.addTour (D:\ntav-workspace\job\travelling-website\funix-travelling-backend\src\controllers\admin\tour.js:43:29)
    at processTicksAndRejections (node:internal/process/task_queues:96:5)
180a0edd-ffbd-47a3-80ae-c1a54c3bf41c	20-12-2022	05:16:08	POST	/admin/tour?lang=vi	Cannot read properties of undefined (reading 'slice')	TypeError: Cannot read properties of undefined (reading 'slice')
    at Object.baseOnFilename [as filename] (D:\ntav-workspace\job\travelling-website\funix-travelling-backend\src\helpers\getFileExtension.js:8:12)
    at D:\ntav-workspace\job\travelling-website\funix-travelling-backend\src\helpers\firebase.js:69:37
    at Array.map (<anonymous>)
    at uploadFiles (D:\ntav-workspace\job\travelling-website\funix-travelling-backend\src\helpers\firebase.js:65:18)
    at module.exports.addTour (D:\ntav-workspace\job\travelling-website\funix-travelling-backend\src\controllers\admin\tour.js:45:29)
    at processTicksAndRejections (node:internal/process/task_queues:96:5)
9d2656cd-3d0e-4eb3-b341-a89f27cc5d0f	21-12-2022	03:07:11	GET	/tour?page=0&page_size=6&cat=europe&banner=vn-tours&lang=vi	invalid argument to $skip stage: Expected a positive number in: $skip: -6	MongoServerError: invalid argument to $skip stage: Expected a positive number in: $skip: -6
    at Connection.onMessage (D:\ntav-workspace\job\travelling-website\funix-travelling-backend\node_modules\mongodb\lib\cmap\connection.js:207:30)
    at MessageStream.<anonymous> (D:\ntav-workspace\job\travelling-website\funix-travelling-backend\node_modules\mongodb\lib\cmap\connection.js:60:60)
    at MessageStream.emit (node:events:513:28)
    at processIncomingData (D:\ntav-workspace\job\travelling-website\funix-travelling-backend\node_modules\mongodb\lib\cmap\message_stream.js:132:20)
    at MessageStream._write (D:\ntav-workspace\job\travelling-website\funix-travelling-backend\node_modules\mongodb\lib\cmap\message_stream.js:33:9)
    at writeOrBuffer (node:internal/streams/writable:391:12)
    at _write (node:internal/streams/writable:332:10)
    at MessageStream.Writable.write (node:internal/streams/writable:336:10)
    at TLSSocket.ondata (node:internal/streams/readable:754:22)
    at TLSSocket.emit (node:events:513:28)
88a6c012-f13c-4ece-ab1d-aee6054f377e	21-12-2022	03:07:13	GET	/tour?page=0&page_size=6&cat=europe&banner=home-slider&lang=vi	invalid argument to $skip stage: Expected a positive number in: $skip: -6	MongoServerError: invalid argument to $skip stage: Expected a positive number in: $skip: -6
    at Connection.onMessage (D:\ntav-workspace\job\travelling-website\funix-travelling-backend\node_modules\mongodb\lib\cmap\connection.js:207:30)
    at MessageStream.<anonymous> (D:\ntav-workspace\job\travelling-website\funix-travelling-backend\node_modules\mongodb\lib\cmap\connection.js:60:60)
    at MessageStream.emit (node:events:513:28)
    at processIncomingData (D:\ntav-workspace\job\travelling-website\funix-travelling-backend\node_modules\mongodb\lib\cmap\message_stream.js:132:20)
    at MessageStream._write (D:\ntav-workspace\job\travelling-website\funix-travelling-backend\node_modules\mongodb\lib\cmap\message_stream.js:33:9)
    at writeOrBuffer (node:internal/streams/writable:391:12)
    at _write (node:internal/streams/writable:332:10)
    at MessageStream.Writable.write (node:internal/streams/writable:336:10)
    at TLSSocket.ondata (node:internal/streams/readable:754:22)
    at TLSSocket.emit (node:events:513:28)
281f5be4-a3c7-4a3a-81fe-8e2af4159ff0	21-12-2022	03:07:13	GET	/tour?page=0&page_size=6&cat=europe&banner=home-slider&lang=vi	invalid argument to $skip stage: Expected a positive number in: $skip: -6	MongoServerError: invalid argument to $skip stage: Expected a positive number in: $skip: -6
    at Connection.onMessage (D:\ntav-workspace\job\travelling-website\funix-travelling-backend\node_modules\mongodb\lib\cmap\connection.js:207:30)
    at MessageStream.<anonymous> (D:\ntav-workspace\job\travelling-website\funix-travelling-backend\node_modules\mongodb\lib\cmap\connection.js:60:60)
    at MessageStream.emit (node:events:513:28)
    at processIncomingData (D:\ntav-workspace\job\travelling-website\funix-travelling-backend\node_modules\mongodb\lib\cmap\message_stream.js:132:20)
    at MessageStream._write (D:\ntav-workspace\job\travelling-website\funix-travelling-backend\node_modules\mongodb\lib\cmap\message_stream.js:33:9)
    at writeOrBuffer (node:internal/streams/writable:391:12)
    at _write (node:internal/streams/writable:332:10)
    at MessageStream.Writable.write (node:internal/streams/writable:336:10)
    at TLSSocket.ondata (node:internal/streams/readable:754:22)
    at TLSSocket.emit (node:events:513:28)
4e5069fe-bf4c-4e6a-8127-70b4482ff2f1	21-12-2022	03:08:50	GET	/tour?page=0&page_size=6&cat=europe&lang=vi	invalid argument to $skip stage: Expected a positive number in: $skip: -6	MongoServerError: invalid argument to $skip stage: Expected a positive number in: $skip: -6
    at Connection.onMessage (D:\ntav-workspace\job\travelling-website\funix-travelling-backend\node_modules\mongodb\lib\cmap\connection.js:207:30)
    at MessageStream.<anonymous> (D:\ntav-workspace\job\travelling-website\funix-travelling-backend\node_modules\mongodb\lib\cmap\connection.js:60:60)
    at MessageStream.emit (node:events:513:28)
    at processIncomingData (D:\ntav-workspace\job\travelling-website\funix-travelling-backend\node_modules\mongodb\lib\cmap\message_stream.js:132:20)
    at MessageStream._write (D:\ntav-workspace\job\travelling-website\funix-travelling-backend\node_modules\mongodb\lib\cmap\message_stream.js:33:9)
    at writeOrBuffer (node:internal/streams/writable:391:12)
    at _write (node:internal/streams/writable:332:10)
    at MessageStream.Writable.write (node:internal/streams/writable:336:10)
    at TLSSocket.ondata (node:internal/streams/readable:754:22)
    at TLSSocket.emit (node:events:513:28)
b3c18092-db1e-419c-a90f-ad739815cd53	21-12-2022	03:08:50	GET	/tour?page=0&page_size=6&cat=europe&lang=vi	invalid argument to $skip stage: Expected a positive number in: $skip: -6	MongoServerError: invalid argument to $skip stage: Expected a positive number in: $skip: -6
    at Connection.onMessage (D:\ntav-workspace\job\travelling-website\funix-travelling-backend\node_modules\mongodb\lib\cmap\connection.js:207:30)
    at MessageStream.<anonymous> (D:\ntav-workspace\job\travelling-website\funix-travelling-backend\node_modules\mongodb\lib\cmap\connection.js:60:60)
    at MessageStream.emit (node:events:513:28)
    at processIncomingData (D:\ntav-workspace\job\travelling-website\funix-travelling-backend\node_modules\mongodb\lib\cmap\message_stream.js:132:20)
    at MessageStream._write (D:\ntav-workspace\job\travelling-website\funix-travelling-backend\node_modules\mongodb\lib\cmap\message_stream.js:33:9)
    at writeOrBuffer (node:internal/streams/writable:391:12)
    at _write (node:internal/streams/writable:332:10)
    at MessageStream.Writable.write (node:internal/streams/writable:336:10)
    at TLSSocket.ondata (node:internal/streams/readable:754:22)
    at TLSSocket.emit (node:events:513:28)
52c8a6da-2ff7-442c-b0ae-3b89cea18670	21-12-2022	03:09:52	GET	/tour?page=0&page_size=6&cat=europe&lang=vi	invalid argument to $skip stage: Expected a positive number in: $skip: -6	MongoServerError: invalid argument to $skip stage: Expected a positive number in: $skip: -6
    at Connection.onMessage (D:\ntav-workspace\job\travelling-website\funix-travelling-backend\node_modules\mongodb\lib\cmap\connection.js:207:30)
    at MessageStream.<anonymous> (D:\ntav-workspace\job\travelling-website\funix-travelling-backend\node_modules\mongodb\lib\cmap\connection.js:60:60)
    at MessageStream.emit (node:events:513:28)
    at processIncomingData (D:\ntav-workspace\job\travelling-website\funix-travelling-backend\node_modules\mongodb\lib\cmap\message_stream.js:132:20)
    at MessageStream._write (D:\ntav-workspace\job\travelling-website\funix-travelling-backend\node_modules\mongodb\lib\cmap\message_stream.js:33:9)
    at writeOrBuffer (node:internal/streams/writable:391:12)
    at _write (node:internal/streams/writable:332:10)
    at MessageStream.Writable.write (node:internal/streams/writable:336:10)
    at TLSSocket.ondata (node:internal/streams/readable:754:22)
    at TLSSocket.emit (node:events:513:28)
5573cc46-4be4-4e88-a3dd-90cb6766227b	21-12-2022	04:44:37	GET	/layout?lang=vi	home_sliders is not defined	ReferenceError: home_sliders is not defined
    at module.exports.getLayoutData (D:\ntav-workspace\job\travelling-website\funix-travelling-backend\src\controllers\client\layout.js:48:9)
    at processTicksAndRejections (node:internal/process/task_queues:96:5)
e5b0fb29-de9c-4832-80d5-a1d7199c07b2	21-12-2022	04:44:40	GET	/layout?lang=vi	home_sliders is not defined	ReferenceError: home_sliders is not defined
    at module.exports.getLayoutData (D:\ntav-workspace\job\travelling-website\funix-travelling-backend\src\controllers\client\layout.js:48:9)
    at processTicksAndRejections (node:internal/process/task_queues:96:5)
44c9b205-1611-42b6-ac01-f319b687d39f	21-12-2022	04:44:40	GET	/layout?lang=vi	home_sliders is not defined	ReferenceError: home_sliders is not defined
    at module.exports.getLayoutData (D:\ntav-workspace\job\travelling-website\funix-travelling-backend\src\controllers\client\layout.js:48:9)
    at processTicksAndRejections (node:internal/process/task_queues:96:5)
5965fee3-d18a-4d48-8af7-f663a3502b17	21-12-2022	04:44:46	GET	/layout?lang=vi	home_sliders is not defined	ReferenceError: home_sliders is not defined
    at module.exports.getLayoutData (D:\ntav-workspace\job\travelling-website\funix-travelling-backend\src\controllers\client\layout.js:48:9)
    at processTicksAndRejections (node:internal/process/task_queues:96:5)
f48c2bdd-bc3f-451d-bf3f-ccf5c8285467	21-12-2022	04:44:51	GET	/layout?lang=vi	home_sliders is not defined	ReferenceError: home_sliders is not defined
    at module.exports.getLayoutData (D:\ntav-workspace\job\travelling-website\funix-travelling-backend\src\controllers\client\layout.js:48:9)
    at processTicksAndRejections (node:internal/process/task_queues:96:5)
b4c6cbf4-e42f-4600-af84-7ed7854bf53f	21-12-2022	04:45:11	GET	/layout?lang=vi	home_sliders is not defined	ReferenceError: home_sliders is not defined
    at module.exports.getLayoutData (D:\ntav-workspace\job\travelling-website\funix-travelling-backend\src\controllers\client\layout.js:48:9)
    at processTicksAndRejections (node:internal/process/task_queues:96:5)
8d5eecf3-4823-4306-be5a-a958b612896a	21-12-2022	04:45:17	GET	/layout?lang=vi	home_sliders is not defined	ReferenceError: home_sliders is not defined
    at module.exports.getLayoutData (D:\ntav-workspace\job\travelling-website\funix-travelling-backend\src\controllers\client\layout.js:48:9)
    at processTicksAndRejections (node:internal/process/task_queues:96:5)
d692a933-34cf-41f1-bede-2901f197971b	21-12-2022	04:45:17	GET	/layout?lang=vi	home_sliders is not defined	ReferenceError: home_sliders is not defined
    at module.exports.getLayoutData (D:\ntav-workspace\job\travelling-website\funix-travelling-backend\src\controllers\client\layout.js:48:9)
    at processTicksAndRejections (node:internal/process/task_queues:96:5)
b1305397-c6e6-4cfa-a2f0-118ce5a9d063	21-12-2022	04:45:40	GET	/layout?lang=vi	home_sliders is not defined	ReferenceError: home_sliders is not defined
    at module.exports.getLayoutData (D:\ntav-workspace\job\travelling-website\funix-travelling-backend\src\controllers\client\layout.js:48:9)
    at processTicksAndRejections (node:internal/process/task_queues:96:5)
88f34edf-5943-4142-8082-892d81daeb7b	21-12-2022	04:46:14	GET	/layout?lang=vi	home_sliders is not defined	ReferenceError: home_sliders is not defined
    at module.exports.getLayoutData (D:\ntav-workspace\job\travelling-website\funix-travelling-backend\src\controllers\client\layout.js:48:9)
    at processTicksAndRejections (node:internal/process/task_queues:96:5)
1218e0df-0270-41ca-b4ec-8cd198264949	21-12-2022	04:46:14	GET	/layout?lang=vi	home_sliders is not defined	ReferenceError: home_sliders is not defined
    at module.exports.getLayoutData (D:\ntav-workspace\job\travelling-website\funix-travelling-backend\src\controllers\client\layout.js:48:9)
    at runMicrotasks (<anonymous>)
    at processTicksAndRejections (node:internal/process/task_queues:96:5)
a6011034-a0e1-483e-bcff-cb3e4ddfdcec	21-12-2022	04:48:05	GET	/article/undefined?lang=vi	
b8e9c664-0509-4e9e-a932-35a69071197d	21-12-2022	04:48:43	GET	/layout?lang=vi	home_sliders is not defined	ReferenceError: home_sliders is not defined
    at module.exports.getLayoutData (D:\ntav-workspace\job\travelling-website\funix-travelling-backend\src\controllers\client\layout.js:48:9)
    at runMicrotasks (<anonymous>)
    at processTicksAndRejections (node:internal/process/task_queues:96:5)
f0d8b091-54a5-4813-938c-bb3f08fa43ee	21-12-2022	04:48:43	GET	/layout?lang=vi	home_sliders is not defined	ReferenceError: home_sliders is not defined
    at module.exports.getLayoutData (D:\ntav-workspace\job\travelling-website\funix-travelling-backend\src\controllers\client\layout.js:48:9)
    at runMicrotasks (<anonymous>)
    at processTicksAndRejections (node:internal/process/task_queues:96:5)
1f5cc1ed-675e-487b-97c3-f51c66cd91b0	21-12-2022	04:48:58	GET	/layout?lang=vi	home_sliders is not defined	ReferenceError: home_sliders is not defined
    at module.exports.getLayoutData (D:\ntav-workspace\job\travelling-website\funix-travelling-backend\src\controllers\client\layout.js:48:9)
    at runMicrotasks (<anonymous>)
    at processTicksAndRejections (node:internal/process/task_queues:96:5)
7defd562-7651-4f67-8743-104fe237b293	21-12-2022	04:48:58	GET	/layout?lang=vi	home_sliders is not defined	ReferenceError: home_sliders is not defined
    at module.exports.getLayoutData (D:\ntav-workspace\job\travelling-website\funix-travelling-backend\src\controllers\client\layout.js:48:9)
    at runMicrotasks (<anonymous>)
    at processTicksAndRejections (node:internal/process/task_queues:96:5)
b7e6c238-b2ef-48c3-87dd-6cab90c91939	21-12-2022	04:50:43	GET	/layout?lang=vi	home_sliders is not defined	ReferenceError: home_sliders is not defined
    at module.exports.getLayoutData (D:\ntav-workspace\job\travelling-website\funix-travelling-backend\src\controllers\client\layout.js:48:9)
    at runMicrotasks (<anonymous>)
    at processTicksAndRejections (node:internal/process/task_queues:96:5)
5b3dfbea-1710-4a5a-b5ec-89631346401a	21-12-2022	09:27:49	POST	/visa?lang=vi	error is not defined	ReferenceError: error is not defined
    at module.exports.addVisa (D:\ntav-workspace\job\travelling-website\funix-travelling-backend\src\controllers\client\visa.js:12:31)
    at Layer.handle [as handle_request] (D:\ntav-workspace\job\travelling-website\funix-travelling-backend\node_modules\express\lib\router\layer.js:95:5)
    at next (D:\ntav-workspace\job\travelling-website\funix-travelling-backend\node_modules\express\lib\router\route.js:144:13)
    at middleware (D:\ntav-workspace\job\travelling-website\funix-travelling-backend\node_modules\express-validator\src\middlewares\check.js:16:13)
    at processTicksAndRejections (node:internal/process/task_queues:96:5)
8066387c-5689-44a0-8145-80785f0632fb	21-12-2022	09:28:31	POST	/visa?lang=vi	Cannot set properties of null (setting 'httpCode')	TypeError: Cannot set properties of null (setting 'httpCode')
    at errorCreator (D:\ntav-workspace\job\travelling-website\funix-travelling-backend\src\helpers\errorCreator.js:16:18)
    at module.exports.addVisa (D:\ntav-workspace\job\travelling-website\funix-travelling-backend\src\controllers\client\visa.js:12:19)
    at Layer.handle [as handle_request] (D:\ntav-workspace\job\travelling-website\funix-travelling-backend\node_modules\express\lib\router\layer.js:95:5)
    at next (D:\ntav-workspace\job\travelling-website\funix-travelling-backend\node_modules\express\lib\router\route.js:144:13)
    at middleware (D:\ntav-workspace\job\travelling-website\funix-travelling-backend\node_modules\express-validator\src\middlewares\check.js:16:13)
    at processTicksAndRejections (node:internal/process/task_queues:96:5)
8df9b541-bc1e-4e7a-b96f-9b54538ce246	21-12-2022	09:28:56	POST	/visa?lang=vi	
aa798c4f-4bec-4575-8567-0ab1df32b745	21-12-2022	09:57:30	PUT	/visa?lang=vi	_id is not defined	ReferenceError: _id is not defined
    at module.exports.editVisa (D:\ntav-workspace\job\travelling-website\funix-travelling-backend\src\controllers\client\visa.js:53:44)
    at Layer.handle [as handle_request] (D:\ntav-workspace\job\travelling-website\funix-travelling-backend\node_modules\express\lib\router\layer.js:95:5)
    at next (D:\ntav-workspace\job\travelling-website\funix-travelling-backend\node_modules\express\lib\router\route.js:144:13)
    at Route.dispatch (D:\ntav-workspace\job\travelling-website\funix-travelling-backend\node_modules\express\lib\router\route.js:114:3)
    at Layer.handle [as handle_request] (D:\ntav-workspace\job\travelling-website\funix-travelling-backend\node_modules\express\lib\router\layer.js:95:5)
    at D:\ntav-workspace\job\travelling-website\funix-travelling-backend\node_modules\express\lib\router\index.js:284:15
    at Function.process_params (D:\ntav-workspace\job\travelling-website\funix-travelling-backend\node_modules\express\lib\router\index.js:346:12)
    at next (D:\ntav-workspace\job\travelling-website\funix-travelling-backend\node_modules\express\lib\router\index.js:280:10)
    at Function.handle (D:\ntav-workspace\job\travelling-website\funix-travelling-backend\node_modules\express\lib\router\index.js:175:3)
    at router (D:\ntav-workspace\job\travelling-website\funix-travelling-backend\node_modules\express\lib\router\index.js:47:12)
fc0a2268-2c70-4d2e-ae5f-29e0c373a80e	21-12-2022	09:58:33	PUT	/visa?lang=vi	_id is not defined	ReferenceError: _id is not defined
    at module.exports.editVisa (D:\ntav-workspace\job\travelling-website\funix-travelling-backend\src\controllers\client\visa.js:53:44)
    at Layer.handle [as handle_request] (D:\ntav-workspace\job\travelling-website\funix-travelling-backend\node_modules\express\lib\router\layer.js:95:5)
    at next (D:\ntav-workspace\job\travelling-website\funix-travelling-backend\node_modules\express\lib\router\route.js:144:13)
    at Route.dispatch (D:\ntav-workspace\job\travelling-website\funix-travelling-backend\node_modules\express\lib\router\route.js:114:3)
    at Layer.handle [as handle_request] (D:\ntav-workspace\job\travelling-website\funix-travelling-backend\node_modules\express\lib\router\layer.js:95:5)
    at D:\ntav-workspace\job\travelling-website\funix-travelling-backend\node_modules\express\lib\router\index.js:284:15
    at Function.process_params (D:\ntav-workspace\job\travelling-website\funix-travelling-backend\node_modules\express\lib\router\index.js:346:12)
    at next (D:\ntav-workspace\job\travelling-website\funix-travelling-backend\node_modules\express\lib\router\index.js:280:10)
    at Function.handle (D:\ntav-workspace\job\travelling-website\funix-travelling-backend\node_modules\express\lib\router\index.js:175:3)
    at router (D:\ntav-workspace\job\travelling-website\funix-travelling-backend\node_modules\express\lib\router\index.js:47:12)
d2cf8cbb-8b5d-43f0-b266-5c6a581614c5	21-12-2022	10:00:10	PUT	/visa?lang=vi	Cannot read properties of undefined (reading 'push')	TypeError: Cannot read properties of undefined (reading 'push')
    at module.exports.editVisa (D:\ntav-workspace\job\travelling-website\funix-travelling-backend\src\controllers\client\visa.js:102:31)
    at processTicksAndRejections (node:internal/process/task_queues:96:5)
9ea8faea-acb9-4471-9dbb-375d308d5ca3	21-12-2022	10:01:53	PUT	/visa?lang=vi	Cannot read properties of undefined (reading 'push')	TypeError: Cannot read properties of undefined (reading 'push')
    at module.exports.editVisa (D:\ntav-workspace\job\travelling-website\funix-travelling-backend\src\controllers\client\visa.js:105:31)
    at processTicksAndRejections (node:internal/process/task_queues:96:5)
49655f02-14f7-4020-beb6-53ecd2104fc8	22-12-2022	12:02:18	GET	/visa	PlanExecutor error during aggregation :: caused by :: Failed to optimize pipeline :: caused by :: Failed to optimize expression :: caused by :: Failed to parse objectId '_id' in $convert with no onError value: Invalid string length for parsing to OID, expected 24 but found 3	MongoServerError: PlanExecutor error during aggregation :: caused by :: Failed to optimize pipeline :: caused by :: Failed to optimize expression :: caused by :: Failed to parse objectId '_id' in $convert with no onError value: Invalid string length for parsing to OID, expected 24 but found 3
    at Connection.onMessage (D:\ntav-workspace\job\travelling-website\funix-travelling-backend\node_modules\mongodb\lib\cmap\connection.js:207:30)
    at MessageStream.<anonymous> (D:\ntav-workspace\job\travelling-website\funix-travelling-backend\node_modules\mongodb\lib\cmap\connection.js:60:60)
    at MessageStream.emit (node:events:513:28)
    at processIncomingData (D:\ntav-workspace\job\travelling-website\funix-travelling-backend\node_modules\mongodb\lib\cmap\message_stream.js:132:20)
    at MessageStream._write (D:\ntav-workspace\job\travelling-website\funix-travelling-backend\node_modules\mongodb\lib\cmap\message_stream.js:33:9)
    at writeOrBuffer (node:internal/streams/writable:391:12)
    at _write (node:internal/streams/writable:332:10)
    at MessageStream.Writable.write (node:internal/streams/writable:336:10)
    at TLSSocket.ondata (node:internal/streams/readable:754:22)
    at TLSSocket.emit (node:events:513:28)
332ea60c-aca4-45c3-a5b7-e9a819cd38aa	22-12-2022	03:37:45	GET	/visa/available-countries	
6fdb8ee9-70f8-432f-b5a5-4c6a17413014	22-12-2022	04:42:41	GET	/?lang=vi	Route Not Found
3c1d55f4-ea54-4a28-adda-950ca5b720e7	22-12-2022	04:42:53	GET	/?lang=vi	Route Not Found
85f5530d-15b5-4e1e-bc98-c59a9bac3462	22-12-2022	04:42:59	GET	/?lang=vi	Route Not Found
9224a0bf-e0b1-43d7-b858-2eeae20c37a9	23-12-2022	07:25:26	POST	/admin/tour?lang=vi	
b41749c6-f3a0-4b39-90d5-d66dc192fb97	23-12-2022	07:26:21	POST	/admin/tour?lang=vi	
bc6e0a6f-43e9-4396-8fc7-3659279d9abd	23-12-2022	07:26:25	POST	/admin/tour?lang=vi	
d4848903-eec2-4648-9b5b-5844e8ea8358	23-12-2022	07:26:27	POST	/admin/tour?lang=vi	
0cb5fa3a-10c0-4dde-ba90-e62cc04ae7c1	23-12-2022	07:27:24	POST	/admin/tour?lang=vi	
00787e57-94fb-4520-b7ae-9fd175bc2a18	23-12-2022	07:58:20	POST	/admin/tour?lang=vi	
1bb682bb-5a52-4610-b673-73cfe3d285c9	23-12-2022	08:12:54	POST	/admin/tour?lang=vi	
8348ef50-2ce0-46a4-8eb6-b0a49e99414e	23-12-2022	08:15:18	POST	/admin/tour?lang=vi	
80d6022a-d78f-4b86-a991-aeccb0add3c2	23-12-2022	08:15:20	POST	/admin/tour?lang=vi	
f57ae0c9-74e5-4e33-83a3-6655f048883f	23-12-2022	08:15:22	POST	/admin/tour?lang=vi	
4cc75778-b372-4ff9-8874-49039f7c129a	23-12-2022	08:15:25	POST	/admin/tour?lang=vi	
1da31794-ffae-496b-a90a-d022e6abf5ab	23-12-2022	08:15:29	POST	/admin/tour?lang=vi	
e3d4bde3-193c-4ba3-9bbe-305ade6ed1dd	23-12-2022	08:15:30	POST	/admin/tour?lang=vi	
36fc8ad3-17f0-4957-9b2f-8029b118c258	23-12-2022	08:15:45	POST	/admin/tour?lang=vi	
bd81ae3e-c861-4c95-a68f-a4bf6b45ef7e	23-12-2022	08:18:35	POST	/admin/tour?lang=vi	
9fbb920f-8ce0-4144-8ce4-e22de8300e8e	23-12-2022	08:20:59	POST	/admin/tour?lang=vi	
22b0bf08-da4e-4c5f-9a64-d73fdfb88635	24-12-2022	07:28:53	PUT	/admin/tour/itinerary?lang=vi	Cannot set properties of undefined (setting 'itinerary')	TypeError: Cannot set properties of undefined (setting 'itinerary')
    at module.exports.updateItinerary (D:\ntav-workspace\job\travelling-website\funix-travelling-backend\src\controllers\admin\tour.js:332:39)
    at processTicksAndRejections (node:internal/process/task_queues:96:5)
30fc5aca-afab-4243-9598-0ccb9f63df40	24-12-2022	11:22:41	POST	/admin/tour/rating?lang=vi	
eb093ce7-a5a0-4ce7-9441-b65c06e2f549	24-12-2022	11:32:23	POST	/admin/tour/rating?lang=vi	
5139e282-1cac-490e-bdd0-0c892c526d1d	24-12-2022	11:34:51	POST	/admin/tour/rating?lang=vi	
2723abce-b484-4bec-8054-bb8ed6ddb356	24-12-2022	11:36:06	POST	/admin/tour/rating?lang=vi	
c9ecb36b-7a79-4a4d-b549-5a60f0e311d3	24-12-2022	11:38:24	POST	/admin/tour/rating?lang=vi	
b874993f-90d1-4b17-a6b4-b0462496bfb8	24-12-2022	11:38:25	POST	/admin/tour/rating?lang=vi	
5e390534-7de2-49ef-9ad1-650ee54c00ec	24-12-2022	11:38:26	POST	/admin/tour/rating?lang=vi	
34683f0f-38f2-4bbe-8f55-026077cfb80d	24-12-2022	11:38:27	POST	/admin/tour/rating?lang=vi	
d73a0844-cd34-482c-a1fb-4f465eccdda3	24-12-2022	11:38:28	POST	/admin/tour/rating?lang=vi	
76e53ef8-5983-4acb-8612-877240c1b2cc	24-12-2022	11:42:02	POST	/admin/tour/rating?lang=vi	
c11bcd51-4d9c-4ae6-b356-989bdb764d2b	24-12-2022	11:42:06	POST	/admin/tour/rating?lang=vi	
952e86ee-e846-46b6-bf8b-3fe43bc8a727	24-12-2022	03:44:10	DELETE	/admin/tour?lang=vi	
afc6fadf-2277-49e4-92b8-eefa7a0bfb04	24-12-2022	03:45:29	DELETE	/admin/tour?lang=vi	
a47af2e5-e237-4ebe-9171-e094bc2517ec	24-12-2022	03:46:16	DELETE	/admin/tour?lang=vi	
2f423d16-5ddd-47e8-8771-448187601d4e	24-12-2022	03:46:25	DELETE	/admin/tour?lang=vi	
e2e7568c-0eb2-4fd6-a7c3-044f9d742483	24-12-2022	03:52:59	GET	/?lang=vi	Route Not Found
bf807ad7-6e93-4581-8bcc-440176afc3b2	24-12-2022	03:54:55	DELETE	/admin/tour?lang=vi	
97734b18-93f5-4159-a57a-4a1e686d35b2	24-12-2022	03:56:47	DELETE	/admin/tour?lang=vi	
778cad4e-bf2b-43e2-92a0-f53c42b566d2	24-12-2022	03:57:13	DELETE	/admin/tour?lang=vi	
bd355c0b-c443-41a2-b633-4dd9217304a6	24-12-2022	03:57:41	DELETE	/admin/tour?lang=vi	
f23a83c9-9fec-43eb-b101-4d9601810000	24-12-2022	04:18:15	DELETE	/admin/tour?lang=vi	
9415ce1a-5d53-4d09-b138-a65fe7a1a2de	24-12-2022	04:21:34	DELETE	/admin/article?lang=vi	
b3ba2fef-6c15-406c-831c-9c544d2d2daf	24-12-2022	04:34:19	DELETE	/admin/article?lang=vi	
36ce7298-c0f2-41c1-b4b8-749dbed86258	24-12-2022	04:34:26	DELETE	/admin/article?lang=vi	
814f81b0-d04e-4fb1-8293-1a8c92dda110	24-12-2022	04:34:38	DELETE	/admin/article?lang=vi	
7e562d36-7685-4792-8e20-1dc29ff46452	24-12-2022	04:34:57	DELETE	/admin/article?lang=vi	
0badb11a-5156-47b5-b14e-98fa24ea58d5	24-12-2022	04:35:07	DELETE	/admin/article?lang=vi	
b2001184-285a-4f19-89b0-0abbab96671c	24-12-2022	04:39:44	DELETE	/admin/article?lang=vi	
39fa7b00-33a1-4d8a-80c1-16c5c039f4ac	24-12-2022	04:39:48	DELETE	/admin/article?lang=vi	
8b446e2f-bc8a-42f4-aed6-a0868d36e30f	24-12-2022	04:40:00	DELETE	/admin/article?lang=vi	
5d5455e5-2373-4df8-9744-d384331d42b5	24-12-2022	04:40:06	DELETE	/admin/article?lang=vi	
e9edb54d-08a4-413d-a650-08a3ebd09778	24-12-2022	04:40:18	DELETE	/admin/article?lang=vi	
8bc8a05d-db8c-49a3-acb9-a85f8ae6714f	24-12-2022	04:40:50	DELETE	/admin/article?lang=vi	
